2024-08-05T00:21:21+00:00 DEBUG 
====Stripe Version: 8.0.1====
====Start Log====
account
====End Log====

2024-08-05T00:38:02+00:00 DEBUG 
====Stripe Version: 8.0.1====
====Start Log====
Error: Unable to verify domain - We were not able to verify your domain. To verify with Apple that you control your domain, you must host the verification file at https://ec2-54-234-120-212.compute-1.amazonaws.com/.well-known/apple-developer-merchantid-domain-association. You can find the verification file here: https://stripe.com/files/apple-pay/apple-developer-merchantid-domain-association. For more information, see https://stripe.com/docs/payments/payment-methods/pmd-registration.
====End Log====

2024-08-05T00:38:03+00:00 DEBUG 
====Stripe Version: 8.0.1====
====Start Log====
Your domain has been verified with Apple Pay!
====End Log====

2024-08-05T03:47:54+00:00 DEBUG 
====Stripe Version: 8.0.1====
====Start Log====
account
====End Log====

2024-08-05T06:27:10+00:00 DEBUG 
====Stripe Version: 8.0.1====
====Start Log====
account
====End Log====

2024-08-05T09:22:55+00:00 DEBUG 
====Stripe Version: 8.0.1====
====Start Log====
account
====End Log====

2024-08-05T11:29:11+00:00 DEBUG 
====Stripe Version: 8.0.1====
====Start Log====
account
====End Log====

