2024-07-26T11:28:11+00:00 DEBUG 
====Stripe Version: 8.0.1====
====Start Log====
payment_methods/pm_1PgmJiCluteTbz2yCBxYQ9LQ
====End Log====

2024-07-26T11:28:11+00:00 DEBUG 
====Stripe Version: 8.0.1====
====Start Log====
customers request: Array
(
    [email] => EmmaNQu@gmail.com
    [description] => Name: Emma Reed, Guest
    [name] => Emma Reed
    [metadata] => Array
        (
        )

    [preferred_locales] => Array
        (
            [0] => en-US
        )

    [address] => Array
        (
            [line1] => 501 Montara Rd
            [line2] => 
            [postal_code] => 92311
            [city] => Barstow
            [state] => CA
            [country] => US
        )

)

====End Log====

2024-07-26T11:28:12+00:00 DEBUG 
====Stripe Version: 8.0.1====
====Start Log====
Info: Begin processing payment for order 5621 for the amount of 199
====End Log====

2024-07-26T11:28:12+00:00 DEBUG 
====Stripe Version: 8.0.1====
====Start Log====
payment_intents request: Array
(
    [amount] => 19900
    [currency] => usd
    [description] => NTECHSMARTHOMES - Order 5621
    [metadata] => Array
        (
            [customer_name] => Emma Reed
            [customer_email] => EmmaNQu@gmail.com
            [order_id] => 5621
            [site_url] => https://ntechsmarthomes.com
        )

    [capture_method] => automatic
    [payment_method_types] => Array
        (
            [0] => card
        )

    [payment_method] => pm_1PgmJiCluteTbz2yCBxYQ9LQ
    [customer] => cus_QXs3B1ka5oorfq
)

====End Log====

2024-07-26T11:28:12+00:00 DEBUG 
====Stripe Version: 8.0.1====
====Start Log====
Stripe PaymentIntent pi_3PgmJkCluteTbz2y1QsdQzRQ initiated for order 5621
====End Log====

2024-07-26T11:28:12+00:00 DEBUG 
====Stripe Version: 8.0.1====
====Start Log====
payment_intents/pi_3PgmJkCluteTbz2y1QsdQzRQ/confirm request: Array
(
    [payment_method] => pm_1PgmJiCluteTbz2yCBxYQ9LQ
    [level3] => Array
        (
            [merchant_reference] => 5621
            [shipping_amount] => 0
            [line_items] => Array
                (
                    [0] => stdClass Object
                        (
                            [product_code] => 5489
                            [product_description] => Subwoofer Installation
                            [unit_cost] => 19900
                            [quantity] => 1
                            [tax_amount] => 0
                            [discount_amount] => 0
                        )

                )

            [shipping_from_zip] => 21044
        )

)

====End Log====

2024-07-26T11:28:13+00:00 DEBUG 
====Stripe Version: 8.0.1====
====Start Log====
Error: stdClass Object
(
    [error] => stdClass Object
        (
            [charge] => ch_3PgmJkCluteTbz2y1hm038MZ
            [code] => card_declined
            [decline_code] => fraudulent
            [doc_url] => https://stripe.com/docs/error-codes/card-declined
            [message] => Your card was declined.
            [payment_intent] => stdClass Object
                (
                    [id] => pi_3PgmJkCluteTbz2y1QsdQzRQ
                    [object] => payment_intent
                    [amount] => 19900
                    [amount_capturable] => 0
                    [amount_details] => stdClass Object
                        (
                            [tip] => stdClass Object
                                (
                                )

                        )

                    [amount_received] => 0
                    [application] => ca_BC3QvYOCCxiOW3Klo6zL8KlBgSHzwTKn
                    [application_fee_amount] => 
                    [automatic_payment_methods] => 
                    [canceled_at] => 
                    [cancellation_reason] => 
                    [capture_method] => automatic
                    [charges] => stdClass Object
                        (
                            [object] => list
                            [data] => Array
                                (
                                    [0] => stdClass Object
                                        (
                                            [id] => ch_3PgmJkCluteTbz2y1hm038MZ
                                            [object] => charge
                                            [amount] => 19900
                                            [amount_captured] => 0
                                            [amount_refunded] => 0
                                            [application] => ca_BC3QvYOCCxiOW3Klo6zL8KlBgSHzwTKn
                                            [application_fee] => 
                                            [application_fee_amount] => 
                                            [balance_transaction] => 
                                            [billing_details] => stdClass Object
                                                (
                                                    [address] => stdClass Object
                                                        (
                                                            [city] => Barstow
                                                            [country] => US
                                                            [line1] => 501 Montara Rd
                                                            [line2] => 
                                                            [postal_code] => 92311
                                                            [state] => 
                                                        )

                                                    [email] => EmmaNQu@gmail.com
                                                    [name] => Emma Reed
                                                    [phone] =>  17607336063
                                                )

                                            [calculated_statement_descriptor] => 
                                            [captured] => 
                                            [created] => 1721993293
                                            [currency] => usd
                                            [customer] => cus_QXs3B1ka5oorfq
                                            [description] => NTECHSMARTHOMES - Order 5621
                                            [destination] => 
                                            [dispute] => 
                                            [disputed] => 
                                            [failure_balance_transaction] => 
                                            [failure_code] => card_declined
                                            [failure_message] => Your card was declined.
                                            [fraud_details] => stdClass Object
                                                (
                                                    [stripe_report] => fraudulent
                                                )

                                            [invoice] => 
                                            [level3] => stdClass Object
                                                (
                                                    [line_items] => Array
                                                        (
                                                            [0] => stdClass Object
                                                                (
                                                                    [discount_amount] => 0
                                                                    [product_code] => 5489
                                                                    [product_description] => Subwoofer Installation
                                                                    [quantity] => 1
                                                                    [tax_amount] => 0
                                                                    [unit_cost] => 19900
                                                                )

                                                        )

                                                    [merchant_reference] => 5621
                                                    [shipping_amount] => 0
                                                    [shipping_from_zip] => 21044
                                                )

                                            [livemode] => 1
                                            [metadata] => stdClass Object
                                                (
                                                    [order_id] => 5621
                                                    [site_url] => https://ntechsmarthomes.com
                                                    [customer_email] => EmmaNQu@gmail.com
                                                    [customer_name] => Emma Reed
                                                )

                                            [on_behalf_of] => 
                                            [order] => 
                                            [outcome] => stdClass Object
                                                (
                                                    [network_status] => not_sent_to_network
                                                    [reason] => highest_risk_level
                                                    [risk_level] => highest
                                                    [rule] => block_if_high_risk
                                                    [seller_message] => Stripe blocked this payment as too risky.
                                                    [type] => blocked
                                                )

                                            [paid] => 
                                            [payment_intent] => pi_3PgmJkCluteTbz2y1QsdQzRQ
                                            [payment_method] => pm_1PgmJiCluteTbz2yCBxYQ9LQ
                                            [payment_method_details] => stdClass Object
                                                (
                                                    [card] => stdClass Object
                                                        (
                                                            [amount_authorized] => 
                                                            [authorization_code] => 
                                                            [brand] => mastercard
                                                            [checks] => stdClass Object
                                                                (
                                                                    [address_line1_check] => unavailable
                                                                    [address_postal_code_check] => unavailable
                                                                    [cvc_check] => 
                                                                )

                                                            [country] => SG
                                                            [exp_month] => 3
                                                            [exp_year] => 2027
                                                            [extended_authorization] => stdClass Object
                                                                (
                                                                    [status] => disabled
                                                                )

                                                            [fingerprint] => Sn4MraFGNX5EECm9
                                                            [funding] => debit
                                                            [incremental_authorization] => stdClass Object
                                                                (
                                                                    [status] => unavailable
                                                                )

                                                            [installments] => 
                                                            [last4] => 2694
                                                            [mandate] => 
                                                            [multicapture] => stdClass Object
                                                                (
                                                                    [status] => unavailable
                                                                )

                                                            [network] => mastercard
                                                            [network_token] => stdClass Object
                                                                (
                                                                    [used] => 
                                                                )

                                                            [overcapture] => stdClass Object
                                                                (
                                                                    [maximum_amount_capturable] => 19900
                                                                    [status] => unavailable
                                                                )

                                                            [three_d_secure] => 
                                                            [wallet] => 
                                                        )

                                                    [type] => card
                                                )

                                            [radar_options] => stdClass Object
                                                (
                                                )

                                            [receipt_email] => 
                                            [receipt_number] => 
                                            [receipt_url] => 
                                            [refunded] => 
                                            [refunds] => stdClass Object
                                                (
                                                    [object] => list
                                                    [data] => Array
                                                        (
                                                        )

                                                    [has_more] => 
                                                    [total_count] => 0
                                                    [url] => /v1/charges/ch_3PgmJkCluteTbz2y1hm038MZ/refunds
                                                )

                                            [review] => 
                                            [shipping] => 
                                            [source] => 
                                            [source_transfer] => 
                                            [statement_descriptor] => 
                                            [statement_descriptor_suffix] => 
                                            [status] => failed
                                            [transfer_data] => 
                                            [transfer_group] => 
                                        )

                                )

                            [has_more] => 
                            [total_count] => 1
                            [url] => /v1/charges?payment_intent=pi_3PgmJkCluteTbz2y1QsdQzRQ
                        )

                    [client_secret] => pi_3PgmJkCluteTbz2y1QsdQzRQ_secret_RER2ehn4YkxjLKaZKgVxM5IUp
                    [confirmation_method] => automatic
                    [created] => 1721993292
                    [currency] => usd
                    [customer] => cus_QXs3B1ka5oorfq
                    [description] => NTECHSMARTHOMES - Order 5621
                    [invoice] => 
                    [last_payment_error] => stdClass Object
                        (
                            [charge] => ch_3PgmJkCluteTbz2y1hm038MZ
                            [code] => card_declined
                            [decline_code] => fraudulent
                            [doc_url] => https://stripe.com/docs/error-codes/card-declined
                            [message] => Your card was declined.
                            [payment_method] => stdClass Object
                                (
                                    [id] => pm_1PgmJiCluteTbz2yCBxYQ9LQ
                                    [object] => payment_method
                                    [allow_redisplay] => unspecified
                                    [billing_details] => stdClass Object
                                        (
                                            [address] => stdClass Object
                                                (
                                                    [city] => Barstow
                                                    [country] => US
                                                    [line1] => 501 Montara Rd
                                                    [line2] => 
                                                    [postal_code] => 92311
                                                    [state] => 
                                                )

                                            [email] => EmmaNQu@gmail.com
                                            [name] => Emma Reed
                                            [phone] =>  17607336063
                                        )

                                    [card] => stdClass Object
                                        (
                                            [brand] => mastercard
                                            [checks] => stdClass Object
                                                (
                                                    [address_line1_check] => unavailable
                                                    [address_postal_code_check] => unavailable
                                                    [cvc_check] => 
                                                )

                                            [country] => SG
                                            [display_brand] => mastercard
                                            [exp_month] => 3
                                            [exp_year] => 2027
                                            [fingerprint] => Sn4MraFGNX5EECm9
                                            [funding] => debit
                                            [generated_from] => 
                                            [last4] => 2694
                                            [networks] => stdClass Object
                                                (
                                                    [available] => Array
                                                        (
                                                            [0] => mastercard
                                                        )

                                                    [preferred] => 
                                                )

                                            [three_d_secure_usage] => stdClass Object
                                                (
                                                    [supported] => 1
                                                )

                                            [wallet] => 
                                        )

                                    [created] => 1721993290
                                    [customer] => 
                                    [livemode] => 1
                                    [metadata] => stdClass Object
                                        (
                                        )

                                    [type] => card
                                )

                            [type] => card_error
                        )

                    [latest_charge] => ch_3PgmJkCluteTbz2y1hm038MZ
                    [level3] => stdClass Object
                        (
                            [line_items] => Array
                                (
                                    [0] => stdClass Object
                                        (
                                            [discount_amount] => 0
                                            [product_code] => 5489
                                            [product_description] => Subwoofer Installation
                                            [quantity] => 1
                                            [tax_amount] => 0
                                            [unit_cost] => 19900
                                        )

                                )

                            [merchant_reference] => 5621
                            [shipping_amount] => 0
                            [shipping_from_zip] => 21044
                        )

                    [livemode] => 1
                    [metadata] => stdClass Object
                        (
                            [order_id] => 5621
                            [site_url] => https://ntechsmarthomes.com
                            [customer_email] => EmmaNQu@gmail.com
                            [customer_name] => Emma Reed
                        )

                    [next_action] => 
                    [on_behalf_of] => 
                    [payment_method] => 
                    [payment_method_configuration_details] => 
                    [payment_method_options] => stdClass Object
                        (
                            [card] => stdClass Object
                                (
                                    [installments] => 
                                    [mandate_options] => 
                                    [network] => 
                                    [request_three_d_secure] => automatic
                                )

                        )

                    [payment_method_types] => Array
                        (
                            [0] => card
                        )

                    [processing] => 
                    [receipt_email] => 
                    [review] => 
                    [setup_future_usage] => 
                    [shipping] => 
                    [source] => 
                    [statement_descriptor] => 
                    [statement_descriptor_suffix] => 
                    [status] => requires_payment_method
                    [transfer_data] => 
                    [transfer_group] => 
                )

            [payment_method] => stdClass Object
                (
                    [id] => pm_1PgmJiCluteTbz2yCBxYQ9LQ
                    [object] => payment_method
                    [allow_redisplay] => unspecified
                    [billing_details] => stdClass Object
                        (
                            [address] => stdClass Object
                                (
                                    [city] => Barstow
                                    [country] => US
                                    [line1] => 501 Montara Rd
                                    [line2] => 
                                    [postal_code] => 92311
                                    [state] => 
                                )

                            [email] => EmmaNQu@gmail.com
                            [name] => Emma Reed
                            [phone] =>  17607336063
                        )

                    [card] => stdClass Object
                        (
                            [brand] => mastercard
                            [checks] => stdClass Object
                                (
                                    [address_line1_check] => unavailable
                                    [address_postal_code_check] => unavailable
                                    [cvc_check] => 
                                )

                            [country] => SG
                            [display_brand] => mastercard
                            [exp_month] => 3
                            [exp_year] => 2027
                            [fingerprint] => Sn4MraFGNX5EECm9
                            [funding] => debit
                            [generated_from] => 
                            [last4] => 2694
                            [networks] => stdClass Object
                                (
                                    [available] => Array
                                        (
                                            [0] => mastercard
                                        )

                                    [preferred] => 
                                )

                            [three_d_secure_usage] => stdClass Object
                                (
                                    [supported] => 1
                                )

                            [wallet] => 
                        )

                    [created] => 1721993290
                    [customer] => 
                    [livemode] => 1
                    [metadata] => stdClass Object
                        (
                        )

                    [type] => card
                )

            [request_log_url] => https://dashboard.stripe.com/acct_1OuwefCluteTbz2y/logs/req_DmcKjiMMlO8Eg1?t=1721993292
            [type] => card_error
        )

)

====End Log====

