2024-08-03T00:10:50+00:00 DEBUG 
====Stripe Version: 8.0.1====
====Start Log====
account
====End Log====

2024-08-03T00:10:51+00:00 DEBUG 
====Stripe Version: 8.0.1====
====Start Log====
Your domain has been verified with Apple Pay!
====End Log====

2024-08-03T00:13:43+00:00 DEBUG 
====Stripe Version: 8.0.1====
====Start Log====
Your domain has been verified with Apple Pay!
====End Log====

2024-08-03T08:12:03+00:00 DEBUG 
====Stripe Version: 8.0.1====
====Start Log====
account
====End Log====

2024-08-03T17:54:50+00:00 DEBUG 
====Stripe Version: 8.0.1====
====Start Log====
account
====End Log====

2024-08-03T20:32:33+00:00 DEBUG 
====Stripe Version: 8.0.1====
====Start Log====
account
====End Log====

2024-08-03T22:44:52+00:00 DEBUG 
====Stripe Version: 8.0.1====
====Start Log====
account
====End Log====

