2024-08-04T00:45:13+00:00 DEBUG 
====Stripe Version: 8.0.1====
====Start Log====
account
====End Log====

2024-08-04T05:41:48+00:00 DEBUG 
====Stripe Version: 8.0.1====
====Start Log====
account
====End Log====

2024-08-04T10:25:58+00:00 DEBUG 
====Stripe Version: 8.0.1====
====Start Log====
account
====End Log====

2024-08-04T14:28:03+00:00 DEBUG 
====Stripe Version: 8.0.1====
====Start Log====
account
====End Log====

2024-08-04T17:25:07+00:00 DEBUG 
====Stripe Version: 8.0.1====
====Start Log====
account
====End Log====

2024-08-04T19:27:15+00:00 DEBUG 
====Stripe Version: 8.0.1====
====Start Log====
account
====End Log====

2024-08-04T21:57:23+00:00 DEBUG 
====Stripe Version: 8.0.1====
====Start Log====
account
====End Log====

