[2024-08-23T09:38:09+00:00] Prepare facts for a scan
[2024-08-23T09:38:09+00:00] Current task gather_info
[2024-08-23T09:38:09+00:00] processing gather_info
[2024-08-23T09:38:10+00:00] Core: 2960
[2024-08-23T09:38:10+00:00] get_core_files in 1
[2024-08-23T09:38:10+00:00] process done, queue for next
[2024-08-23T09:38:10+00:00] Scan not done, pinging
[2024-08-23T09:38:10+00:00] Current task gather_info
[2024-08-23T09:38:10+00:00] processing gather_info
[2024-08-23T09:38:19+00:00] Content: 32235
[2024-08-23T09:38:20+00:00] get_content_files in 10
[2024-08-23T09:38:20+00:00] task gather_info processed
[2024-08-23T09:38:20+00:00] queue core_integrity_check for next
[2024-08-23T09:38:20+00:00] process done, queue for next
[2024-08-23T09:38:20+00:00] Scan not done, pinging
[2024-08-23T09:38:20+00:00] Current task core_integrity_check
[2024-08-23T09:38:20+00:00] processing core_integrity_check
[2024-08-23T09:38:20+00:00] Fetch checksums, should only once
[2024-08-23T09:38:20+00:00] current pos 0
[2024-08-23T09:38:20+00:00] skip /var/www/ntechsmarthomes.com/wp-admin/css/.htaccess because of file is whitelisted
[2024-08-23T09:38:20+00:00] skip /var/www/ntechsmarthomes.com/wp-admin/css/colors/.htaccess because of file is whitelisted
[2024-08-23T09:38:20+00:00] skip /var/www/ntechsmarthomes.com/wp-admin/css/colors/blue/.htaccess because of file is whitelisted
[2024-08-23T09:38:20+00:00] skip /var/www/ntechsmarthomes.com/wp-admin/css/colors/coffee/.htaccess because of file is whitelisted
[2024-08-23T09:38:20+00:00] skip /var/www/ntechsmarthomes.com/wp-admin/css/colors/ectoplasm/.htaccess because of file is whitelisted
[2024-08-23T09:38:20+00:00] skip /var/www/ntechsmarthomes.com/wp-admin/css/colors/light/.htaccess because of file is whitelisted
[2024-08-23T09:38:20+00:00] skip /var/www/ntechsmarthomes.com/wp-admin/css/colors/midnight/.htaccess because of file is whitelisted
[2024-08-23T09:38:20+00:00] skip /var/www/ntechsmarthomes.com/wp-admin/css/colors/modern/.htaccess because of file is whitelisted
[2024-08-23T09:38:20+00:00] skip /var/www/ntechsmarthomes.com/wp-admin/css/colors/ocean/.htaccess because of file is whitelisted
[2024-08-23T09:38:20+00:00] skip /var/www/ntechsmarthomes.com/wp-admin/css/colors/sunrise/.htaccess because of file is whitelisted
[2024-08-23T09:38:20+00:00] skip /var/www/ntechsmarthomes.com/wp-admin/images/.htaccess because of file is whitelisted
[2024-08-23T09:38:20+00:00] skip /var/www/ntechsmarthomes.com/wp-admin/includes/.htaccess because of file is whitelisted
[2024-08-23T09:38:20+00:00] skip /var/www/ntechsmarthomes.com/wp-admin/includes/wp/.htaccess because of file is whitelisted
[2024-08-23T09:38:20+00:00] skip /var/www/ntechsmarthomes.com/wp-admin/js/.htaccess because of file is whitelisted
[2024-08-23T09:38:20+00:00] skip /var/www/ntechsmarthomes.com/wp-admin/js/widgets/.htaccess because of file is whitelisted
[2024-08-23T09:38:20+00:00] skip /var/www/ntechsmarthomes.com/wp-admin/maint/.htaccess because of file is whitelisted
[2024-08-23T09:38:20+00:00] skip /var/www/ntechsmarthomes.com/wp-admin/network/.htaccess because of file is whitelisted
[2024-08-23T09:38:20+00:00] skip /var/www/ntechsmarthomes.com/wp-admin/user/.htaccess because of file is whitelisted
[2024-08-23T09:38:20+00:00] skip /var/www/ntechsmarthomes.com/wp-includes/.htaccess because of file is whitelisted
[2024-08-23T09:38:20+00:00] skip /var/www/ntechsmarthomes.com/wp-includes/ID3/.htaccess because of file is whitelisted
[2024-08-23T09:38:21+00:00] skip /var/www/ntechsmarthomes.com/wp-includes/IXR/.htaccess because of file is whitelisted
[2024-08-23T09:38:21+00:00] skip /var/www/ntechsmarthomes.com/wp-includes/PHPMailer/.htaccess because of file is whitelisted
[2024-08-23T09:38:21+00:00] skip /var/www/ntechsmarthomes.com/wp-includes/Requests/.htaccess because of file is whitelisted
[2024-08-23T09:38:21+00:00] skip /var/www/ntechsmarthomes.com/wp-includes/Requests/library/.htaccess because of file is whitelisted
[2024-08-23T09:38:21+00:00] skip /var/www/ntechsmarthomes.com/wp-includes/Requests/src/.htaccess because of file is whitelisted
[2024-08-23T09:38:21+00:00] skip /var/www/ntechsmarthomes.com/wp-includes/Requests/src/Auth/.htaccess because of file is whitelisted
[2024-08-23T09:38:21+00:00] skip /var/www/ntechsmarthomes.com/wp-includes/Requests/src/Cookie/.htaccess because of file is whitelisted
[2024-08-23T09:38:21+00:00] skip /var/www/ntechsmarthomes.com/wp-includes/Requests/src/Exception/.htaccess because of file is whitelisted
[2024-08-23T09:38:21+00:00] skip /var/www/ntechsmarthomes.com/wp-includes/Requests/src/Exception/Http/.htaccess because of file is whitelisted
[2024-08-23T09:38:21+00:00] skip /var/www/ntechsmarthomes.com/wp-includes/Requests/src/Exception/Transport/.htaccess because of file is whitelisted
[2024-08-23T09:38:21+00:00] skip /var/www/ntechsmarthomes.com/wp-includes/Requests/src/Proxy/.htaccess because of file is whitelisted
[2024-08-23T09:38:21+00:00] skip /var/www/ntechsmarthomes.com/wp-includes/Requests/src/Response/.htaccess because of file is whitelisted
[2024-08-23T09:38:21+00:00] skip /var/www/ntechsmarthomes.com/wp-includes/Requests/src/Transport/.htaccess because of file is whitelisted
[2024-08-23T09:38:21+00:00] skip /var/www/ntechsmarthomes.com/wp-includes/Requests/src/Utility/.htaccess because of file is whitelisted
[2024-08-23T09:38:21+00:00] skip /var/www/ntechsmarthomes.com/wp-includes/SimplePie/.htaccess because of file is whitelisted
[2024-08-23T09:38:21+00:00] skip /var/www/ntechsmarthomes.com/wp-includes/SimplePie/Cache/.htaccess because of file is whitelisted
[2024-08-23T09:38:21+00:00] skip /var/www/ntechsmarthomes.com/wp-includes/SimplePie/Content/.htaccess because of file is whitelisted
[2024-08-23T09:38:21+00:00] skip /var/www/ntechsmarthomes.com/wp-includes/SimplePie/Content/Type/.htaccess because of file is whitelisted
[2024-08-23T09:38:21+00:00] skip /var/www/ntechsmarthomes.com/wp-includes/SimplePie/Decode/.htaccess because of file is whitelisted
[2024-08-23T09:38:21+00:00] skip /var/www/ntechsmarthomes.com/wp-includes/SimplePie/Decode/HTML/.htaccess because of file is whitelisted
[2024-08-23T09:38:21+00:00] skip /var/www/ntechsmarthomes.com/wp-includes/SimplePie/HTTP/.htaccess because of file is whitelisted
[2024-08-23T09:38:21+00:00] skip /var/www/ntechsmarthomes.com/wp-includes/SimplePie/Net/.htaccess because of file is whitelisted
[2024-08-23T09:38:21+00:00] skip /var/www/ntechsmarthomes.com/wp-includes/SimplePie/Parse/.htaccess because of file is whitelisted
[2024-08-23T09:38:21+00:00] skip /var/www/ntechsmarthomes.com/wp-includes/SimplePie/XML/.htaccess because of file is whitelisted
[2024-08-23T09:38:21+00:00] skip /var/www/ntechsmarthomes.com/wp-includes/SimplePie/XML/Declaration/.htaccess because of file is whitelisted
[2024-08-23T09:38:21+00:00] skip /var/www/ntechsmarthomes.com/wp-includes/Text/.htaccess because of file is whitelisted
[2024-08-23T09:38:21+00:00] skip /var/www/ntechsmarthomes.com/wp-includes/Text/Diff/.htaccess because of file is whitelisted
[2024-08-23T09:38:21+00:00] skip /var/www/ntechsmarthomes.com/wp-includes/Text/Diff/Engine/.htaccess because of file is whitelisted
[2024-08-23T09:38:21+00:00] skip /var/www/ntechsmarthomes.com/wp-includes/Text/Diff/Renderer/.htaccess because of file is whitelisted
[2024-08-23T09:38:21+00:00] skip /var/www/ntechsmarthomes.com/wp-includes/Text/wp/.htaccess because of file is whitelisted
[2024-08-23T09:38:21+00:00] skip /var/www/ntechsmarthomes.com/wp-includes/assets/.htaccess because of file is whitelisted
[2024-08-23T09:38:21+00:00] skip /var/www/ntechsmarthomes.com/wp-includes/block-bindings/.htaccess because of file is whitelisted
[2024-08-23T09:38:21+00:00] skip /var/www/ntechsmarthomes.com/wp-includes/block-patterns/.htaccess because of file is whitelisted
[2024-08-23T09:38:21+00:00] skip /var/www/ntechsmarthomes.com/wp-includes/block-supports/.htaccess because of file is whitelisted
[2024-08-23T09:38:21+00:00] skip /var/www/ntechsmarthomes.com/wp-includes/blocks/.htaccess because of file is whitelisted
[2024-08-23T09:38:21+00:00] skip /var/www/ntechsmarthomes.com/wp-includes/blocks/archives/.htaccess because of file is whitelisted
[2024-08-23T09:38:21+00:00] skip /var/www/ntechsmarthomes.com/wp-includes/blocks/audio/.htaccess because of file is whitelisted
[2024-08-23T09:38:21+00:00] skip /var/www/ntechsmarthomes.com/wp-includes/blocks/avatar/.htaccess because of file is whitelisted
[2024-08-23T09:38:21+00:00] skip /var/www/ntechsmarthomes.com/wp-includes/blocks/block/.htaccess because of file is whitelisted
[2024-08-23T09:38:21+00:00] skip /var/www/ntechsmarthomes.com/wp-includes/blocks/button/.htaccess because of file is whitelisted
[2024-08-23T09:38:21+00:00] skip /var/www/ntechsmarthomes.com/wp-includes/blocks/buttons/.htaccess because of file is whitelisted
[2024-08-23T09:38:21+00:00] skip /var/www/ntechsmarthomes.com/wp-includes/blocks/calendar/.htaccess because of file is whitelisted
[2024-08-23T09:38:21+00:00] skip /var/www/ntechsmarthomes.com/wp-includes/blocks/categories/.htaccess because of file is whitelisted
[2024-08-23T09:38:21+00:00] skip /var/www/ntechsmarthomes.com/wp-includes/blocks/code/.htaccess because of file is whitelisted
[2024-08-23T09:38:21+00:00] skip /var/www/ntechsmarthomes.com/wp-includes/blocks/column/.htaccess because of file is whitelisted
[2024-08-23T09:38:21+00:00] skip /var/www/ntechsmarthomes.com/wp-includes/blocks/columns/.htaccess because of file is whitelisted
[2024-08-23T09:38:21+00:00] skip /var/www/ntechsmarthomes.com/wp-includes/blocks/columns/wp/.htaccess because of file is whitelisted
[2024-08-23T09:38:21+00:00] skip /var/www/ntechsmarthomes.com/wp-includes/blocks/comment-author-name/.htaccess because of file is whitelisted
[2024-08-23T09:38:21+00:00] skip /var/www/ntechsmarthomes.com/wp-includes/blocks/comment-content/.htaccess because of file is whitelisted
[2024-08-23T09:38:21+00:00] skip /var/www/ntechsmarthomes.com/wp-includes/blocks/comment-date/.htaccess because of file is whitelisted
[2024-08-23T09:38:21+00:00] skip /var/www/ntechsmarthomes.com/wp-includes/blocks/comment-edit-link/.htaccess because of file is whitelisted
[2024-08-23T09:38:21+00:00] skip /var/www/ntechsmarthomes.com/wp-includes/blocks/comment-reply-link/.htaccess because of file is whitelisted
[2024-08-23T09:38:21+00:00] skip /var/www/ntechsmarthomes.com/wp-includes/blocks/comment-template/.htaccess because of file is whitelisted
[2024-08-23T09:38:21+00:00] skip /var/www/ntechsmarthomes.com/wp-includes/blocks/comments/.htaccess because of file is whitelisted
[2024-08-23T09:38:21+00:00] skip /var/www/ntechsmarthomes.com/wp-includes/blocks/comments-pagination/.htaccess because of file is whitelisted
[2024-08-23T09:38:21+00:00] skip /var/www/ntechsmarthomes.com/wp-includes/blocks/comments-pagination-next/.htaccess because of file is whitelisted
[2024-08-23T09:38:21+00:00] skip /var/www/ntechsmarthomes.com/wp-includes/blocks/comments-pagination-numbers/.htaccess because of file is whitelisted
[2024-08-23T09:38:21+00:00] skip /var/www/ntechsmarthomes.com/wp-includes/blocks/comments-pagination-previous/.htaccess because of file is whitelisted
[2024-08-23T09:38:21+00:00] skip /var/www/ntechsmarthomes.com/wp-includes/blocks/comments-title/.htaccess because of file is whitelisted
[2024-08-23T09:38:21+00:00] skip /var/www/ntechsmarthomes.com/wp-includes/blocks/cover/.htaccess because of file is whitelisted
[2024-08-23T09:38:21+00:00] skip /var/www/ntechsmarthomes.com/wp-includes/blocks/details/.htaccess because of file is whitelisted
[2024-08-23T09:38:21+00:00] skip /var/www/ntechsmarthomes.com/wp-includes/blocks/embed/.htaccess because of file is whitelisted
[2024-08-23T09:38:21+00:00] skip /var/www/ntechsmarthomes.com/wp-includes/blocks/file/.htaccess because of file is whitelisted
[2024-08-23T09:38:21+00:00] skip /var/www/ntechsmarthomes.com/wp-includes/blocks/footnotes/.htaccess because of file is whitelisted
[2024-08-23T09:38:21+00:00] skip /var/www/ntechsmarthomes.com/wp-includes/blocks/freeform/.htaccess because of file is whitelisted
[2024-08-23T09:38:21+00:00] skip /var/www/ntechsmarthomes.com/wp-includes/blocks/gallery/.htaccess because of file is whitelisted
[2024-08-23T09:38:21+00:00] skip /var/www/ntechsmarthomes.com/wp-includes/blocks/group/.htaccess because of file is whitelisted
[2024-08-23T09:38:21+00:00] skip /var/www/ntechsmarthomes.com/wp-includes/blocks/heading/.htaccess because of file is whitelisted
[2024-08-23T09:38:21+00:00] skip /var/www/ntechsmarthomes.com/wp-includes/blocks/home-link/.htaccess because of file is whitelisted
[2024-08-23T09:38:21+00:00] skip /var/www/ntechsmarthomes.com/wp-includes/blocks/html/.htaccess because of file is whitelisted
[2024-08-23T09:38:21+00:00] skip /var/www/ntechsmarthomes.com/wp-includes/blocks/html/wp/.htaccess because of file is whitelisted
[2024-08-23T09:38:21+00:00] skip /var/www/ntechsmarthomes.com/wp-includes/blocks/image/.htaccess because of file is whitelisted
[2024-08-23T09:38:21+00:00] skip /var/www/ntechsmarthomes.com/wp-includes/blocks/latest-comments/.htaccess because of file is whitelisted
[2024-08-23T09:38:21+00:00] skip /var/www/ntechsmarthomes.com/wp-includes/blocks/latest-posts/.htaccess because of file is whitelisted
[2024-08-23T09:38:21+00:00] skip /var/www/ntechsmarthomes.com/wp-includes/blocks/latest-posts/wp/.htaccess because of file is whitelisted
[2024-08-23T09:38:21+00:00] skip /var/www/ntechsmarthomes.com/wp-includes/blocks/legacy-widget/.htaccess because of file is whitelisted
[2024-08-23T09:38:21+00:00] skip /var/www/ntechsmarthomes.com/wp-includes/blocks/list/.htaccess because of file is whitelisted
[2024-08-23T09:38:21+00:00] skip /var/www/ntechsmarthomes.com/wp-includes/blocks/list-item/.htaccess because of file is whitelisted
[2024-08-23T09:38:21+00:00] skip /var/www/ntechsmarthomes.com/wp-includes/blocks/loginout/.htaccess because of file is whitelisted
[2024-08-23T09:38:21+00:00] skip /var/www/ntechsmarthomes.com/wp-includes/blocks/media-text/.htaccess because of file is whitelisted
[2024-08-23T09:38:21+00:00] skip /var/www/ntechsmarthomes.com/wp-includes/blocks/missing/.htaccess because of file is whitelisted
[2024-08-23T09:38:21+00:00] skip /var/www/ntechsmarthomes.com/wp-includes/blocks/more/.htaccess because of file is whitelisted
[2024-08-23T09:38:21+00:00] skip /var/www/ntechsmarthomes.com/wp-includes/blocks/navigation/.htaccess because of file is whitelisted
[2024-08-23T09:38:21+00:00] skip /var/www/ntechsmarthomes.com/wp-includes/blocks/navigation-link/.htaccess because of file is whitelisted
[2024-08-23T09:38:21+00:00] skip /var/www/ntechsmarthomes.com/wp-includes/blocks/navigation-submenu/.htaccess because of file is whitelisted
[2024-08-23T09:38:21+00:00] skip /var/www/ntechsmarthomes.com/wp-includes/blocks/nextpage/.htaccess because of file is whitelisted
[2024-08-23T09:38:21+00:00] skip /var/www/ntechsmarthomes.com/wp-includes/blocks/page-list/.htaccess because of file is whitelisted
[2024-08-23T09:38:21+00:00] skip /var/www/ntechsmarthomes.com/wp-includes/blocks/page-list-item/.htaccess because of file is whitelisted
[2024-08-23T09:38:21+00:00] skip /var/www/ntechsmarthomes.com/wp-includes/blocks/paragraph/.htaccess because of file is whitelisted
[2024-08-23T09:38:21+00:00] skip /var/www/ntechsmarthomes.com/wp-includes/blocks/pattern/.htaccess because of file is whitelisted
[2024-08-23T09:38:21+00:00] skip /var/www/ntechsmarthomes.com/wp-includes/blocks/post-author/.htaccess because of file is whitelisted
[2024-08-23T09:38:21+00:00] skip /var/www/ntechsmarthomes.com/wp-includes/blocks/post-author-biography/.htaccess because of file is whitelisted
[2024-08-23T09:38:21+00:00] skip /var/www/ntechsmarthomes.com/wp-includes/blocks/post-author-name/.htaccess because of file is whitelisted
[2024-08-23T09:38:21+00:00] skip /var/www/ntechsmarthomes.com/wp-includes/blocks/post-comments-form/.htaccess because of file is whitelisted
[2024-08-23T09:38:21+00:00] skip /var/www/ntechsmarthomes.com/wp-includes/blocks/post-content/.htaccess because of file is whitelisted
[2024-08-23T09:38:21+00:00] skip /var/www/ntechsmarthomes.com/wp-includes/blocks/post-date/.htaccess because of file is whitelisted
[2024-08-23T09:38:21+00:00] skip /var/www/ntechsmarthomes.com/wp-includes/blocks/post-excerpt/.htaccess because of file is whitelisted
[2024-08-23T09:38:21+00:00] skip /var/www/ntechsmarthomes.com/wp-includes/blocks/post-featured-image/.htaccess because of file is whitelisted
[2024-08-23T09:38:21+00:00] skip /var/www/ntechsmarthomes.com/wp-includes/blocks/post-navigation-link/.htaccess because of file is whitelisted
[2024-08-23T09:38:21+00:00] skip /var/www/ntechsmarthomes.com/wp-includes/blocks/post-template/.htaccess because of file is whitelisted
[2024-08-23T09:38:21+00:00] skip /var/www/ntechsmarthomes.com/wp-includes/blocks/post-terms/.htaccess because of file is whitelisted
[2024-08-23T09:38:21+00:00] skip /var/www/ntechsmarthomes.com/wp-includes/blocks/post-title/.htaccess because of file is whitelisted
[2024-08-23T09:38:21+00:00] skip /var/www/ntechsmarthomes.com/wp-includes/blocks/preformatted/.htaccess because of file is whitelisted
[2024-08-23T09:38:21+00:00] skip /var/www/ntechsmarthomes.com/wp-includes/blocks/pullquote/.htaccess because of file is whitelisted
[2024-08-23T09:38:21+00:00] skip /var/www/ntechsmarthomes.com/wp-includes/blocks/query/.htaccess because of file is whitelisted
[2024-08-23T09:38:21+00:00] skip /var/www/ntechsmarthomes.com/wp-includes/blocks/query-no-results/.htaccess because of file is whitelisted
[2024-08-23T09:38:21+00:00] skip /var/www/ntechsmarthomes.com/wp-includes/blocks/query-pagination/.htaccess because of file is whitelisted
[2024-08-23T09:38:21+00:00] skip /var/www/ntechsmarthomes.com/wp-includes/blocks/query-pagination-next/.htaccess because of file is whitelisted
[2024-08-23T09:38:21+00:00] skip /var/www/ntechsmarthomes.com/wp-includes/blocks/query-pagination-numbers/.htaccess because of file is whitelisted
[2024-08-23T09:38:21+00:00] skip /var/www/ntechsmarthomes.com/wp-includes/blocks/query-pagination-previous/.htaccess because of file is whitelisted
[2024-08-23T09:38:21+00:00] skip /var/www/ntechsmarthomes.com/wp-includes/blocks/query-title/.htaccess because of file is whitelisted
[2024-08-23T09:38:21+00:00] skip /var/www/ntechsmarthomes.com/wp-includes/blocks/quote/.htaccess because of file is whitelisted
[2024-08-23T09:38:21+00:00] skip /var/www/ntechsmarthomes.com/wp-includes/blocks/read-more/.htaccess because of file is whitelisted
[2024-08-23T09:38:21+00:00] skip /var/www/ntechsmarthomes.com/wp-includes/blocks/rss/.htaccess because of file is whitelisted
[2024-08-23T09:38:21+00:00] skip /var/www/ntechsmarthomes.com/wp-includes/blocks/search/.htaccess because of file is whitelisted
[2024-08-23T09:38:21+00:00] skip /var/www/ntechsmarthomes.com/wp-includes/blocks/separator/.htaccess because of file is whitelisted
[2024-08-23T09:38:21+00:00] skip /var/www/ntechsmarthomes.com/wp-includes/blocks/shortcode/.htaccess because of file is whitelisted
[2024-08-23T09:38:21+00:00] skip /var/www/ntechsmarthomes.com/wp-includes/blocks/site-logo/.htaccess because of file is whitelisted
[2024-08-23T09:38:21+00:00] skip /var/www/ntechsmarthomes.com/wp-includes/blocks/site-tagline/.htaccess because of file is whitelisted
[2024-08-23T09:38:21+00:00] skip /var/www/ntechsmarthomes.com/wp-includes/blocks/site-title/.htaccess because of file is whitelisted
[2024-08-23T09:38:21+00:00] skip /var/www/ntechsmarthomes.com/wp-includes/blocks/social-link/.htaccess because of file is whitelisted
[2024-08-23T09:38:21+00:00] skip /var/www/ntechsmarthomes.com/wp-includes/blocks/social-links/.htaccess because of file is whitelisted
[2024-08-23T09:38:21+00:00] skip /var/www/ntechsmarthomes.com/wp-includes/blocks/spacer/.htaccess because of file is whitelisted
[2024-08-23T09:38:21+00:00] skip /var/www/ntechsmarthomes.com/wp-includes/blocks/table/.htaccess because of file is whitelisted
[2024-08-23T09:38:21+00:00] skip /var/www/ntechsmarthomes.com/wp-includes/blocks/tag-cloud/.htaccess because of file is whitelisted
[2024-08-23T09:38:21+00:00] skip /var/www/ntechsmarthomes.com/wp-includes/blocks/template-part/.htaccess because of file is whitelisted
[2024-08-23T09:38:21+00:00] skip /var/www/ntechsmarthomes.com/wp-includes/blocks/template-part/wp/.htaccess because of file is whitelisted
[2024-08-23T09:38:21+00:00] skip /var/www/ntechsmarthomes.com/wp-includes/blocks/term-description/.htaccess because of file is whitelisted
[2024-08-23T09:38:21+00:00] skip /var/www/ntechsmarthomes.com/wp-includes/blocks/text-columns/.htaccess because of file is whitelisted
[2024-08-23T09:38:21+00:00] skip /var/www/ntechsmarthomes.com/wp-includes/blocks/verse/.htaccess because of file is whitelisted
[2024-08-23T09:38:21+00:00] skip /var/www/ntechsmarthomes.com/wp-includes/blocks/video/.htaccess because of file is whitelisted
[2024-08-23T09:38:21+00:00] skip /var/www/ntechsmarthomes.com/wp-includes/blocks/widget-group/.htaccess because of file is whitelisted
[2024-08-23T09:38:21+00:00] skip /var/www/ntechsmarthomes.com/wp-includes/blocks/wp/.htaccess because of file is whitelisted
[2024-08-23T09:38:21+00:00] skip /var/www/ntechsmarthomes.com/wp-includes/certificates/.htaccess because of file is whitelisted
[2024-08-23T09:38:21+00:00] skip /var/www/ntechsmarthomes.com/wp-includes/css/.htaccess because of file is whitelisted
[2024-08-23T09:38:21+00:00] skip /var/www/ntechsmarthomes.com/wp-includes/css/dist/.htaccess because of file is whitelisted
[2024-08-23T09:38:21+00:00] skip /var/www/ntechsmarthomes.com/wp-includes/css/dist/block-directory/.htaccess because of file is whitelisted
[2024-08-23T09:38:21+00:00] skip /var/www/ntechsmarthomes.com/wp-includes/css/dist/block-editor/.htaccess because of file is whitelisted
[2024-08-23T09:38:21+00:00] skip /var/www/ntechsmarthomes.com/wp-includes/css/dist/block-library/.htaccess because of file is whitelisted
[2024-08-23T09:38:21+00:00] skip /var/www/ntechsmarthomes.com/wp-includes/css/dist/commands/.htaccess because of file is whitelisted
[2024-08-23T09:38:21+00:00] skip /var/www/ntechsmarthomes.com/wp-includes/css/dist/components/.htaccess because of file is whitelisted
[2024-08-23T09:38:21+00:00] skip /var/www/ntechsmarthomes.com/wp-includes/css/dist/customize-widgets/.htaccess because of file is whitelisted
[2024-08-23T09:38:21+00:00] skip /var/www/ntechsmarthomes.com/wp-includes/css/dist/edit-post/.htaccess because of file is whitelisted
[2024-08-23T09:38:21+00:00] skip /var/www/ntechsmarthomes.com/wp-includes/css/dist/edit-site/.htaccess because of file is whitelisted
[2024-08-23T09:38:21+00:00] skip /var/www/ntechsmarthomes.com/wp-includes/css/dist/edit-widgets/.htaccess because of file is whitelisted
[2024-08-23T09:38:21+00:00] skip /var/www/ntechsmarthomes.com/wp-includes/css/dist/editor/.htaccess because of file is whitelisted
[2024-08-23T09:38:21+00:00] skip /var/www/ntechsmarthomes.com/wp-includes/css/dist/format-library/.htaccess because of file is whitelisted
[2024-08-23T09:38:21+00:00] skip /var/www/ntechsmarthomes.com/wp-includes/css/dist/list-reusable-blocks/.htaccess because of file is whitelisted
[2024-08-23T09:38:21+00:00] skip /var/www/ntechsmarthomes.com/wp-includes/css/dist/nux/.htaccess because of file is whitelisted
[2024-08-23T09:38:21+00:00] skip /var/www/ntechsmarthomes.com/wp-includes/css/dist/patterns/.htaccess because of file is whitelisted
[2024-08-23T09:38:21+00:00] skip /var/www/ntechsmarthomes.com/wp-includes/css/dist/preferences/.htaccess because of file is whitelisted
[2024-08-23T09:38:21+00:00] skip /var/www/ntechsmarthomes.com/wp-includes/css/dist/reusable-blocks/.htaccess because of file is whitelisted
[2024-08-23T09:38:21+00:00] skip /var/www/ntechsmarthomes.com/wp-includes/css/dist/widgets/.htaccess because of file is whitelisted
[2024-08-23T09:38:21+00:00] skip /var/www/ntechsmarthomes.com/wp-includes/css/wp/.htaccess because of file is whitelisted
[2024-08-23T09:38:21+00:00] skip /var/www/ntechsmarthomes.com/wp-includes/customize/.htaccess because of file is whitelisted
[2024-08-23T09:38:22+00:00] skip /var/www/ntechsmarthomes.com/wp-includes/customize/wp/.htaccess because of file is whitelisted
[2024-08-23T09:38:22+00:00] skip /var/www/ntechsmarthomes.com/wp-includes/fonts/.htaccess because of file is whitelisted
[2024-08-23T09:38:22+00:00] skip /var/www/ntechsmarthomes.com/wp-includes/html-api/.htaccess because of file is whitelisted
[2024-08-23T09:38:22+00:00] skip /var/www/ntechsmarthomes.com/wp-includes/images/.htaccess because of file is whitelisted
[2024-08-23T09:38:22+00:00] skip /var/www/ntechsmarthomes.com/wp-includes/images/crystal/.htaccess because of file is whitelisted
[2024-08-23T09:38:22+00:00] skip /var/www/ntechsmarthomes.com/wp-includes/images/media/.htaccess because of file is whitelisted
[2024-08-23T09:38:22+00:00] skip /var/www/ntechsmarthomes.com/wp-includes/images/smilies/.htaccess because of file is whitelisted
[2024-08-23T09:38:22+00:00] skip /var/www/ntechsmarthomes.com/wp-includes/interactivity-api/.htaccess because of file is whitelisted
[2024-08-23T09:38:22+00:00] skip /var/www/ntechsmarthomes.com/wp-includes/js/.htaccess because of file is whitelisted
[2024-08-23T09:38:22+00:00] skip /var/www/ntechsmarthomes.com/wp-includes/js/codemirror/.htaccess because of file is whitelisted
[2024-08-23T09:38:22+00:00] skip /var/www/ntechsmarthomes.com/wp-includes/js/crop/.htaccess because of file is whitelisted
[2024-08-23T09:38:22+00:00] skip /var/www/ntechsmarthomes.com/wp-includes/js/dist/.htaccess because of file is whitelisted
[2024-08-23T09:38:22+00:00] skip /var/www/ntechsmarthomes.com/wp-includes/js/dist/development/.htaccess because of file is whitelisted
[2024-08-23T09:38:22+00:00] skip /var/www/ntechsmarthomes.com/wp-includes/js/dist/vendor/.htaccess because of file is whitelisted
[2024-08-23T09:38:22+00:00] skip /var/www/ntechsmarthomes.com/wp-includes/js/imgareaselect/.htaccess because of file is whitelisted
[2024-08-23T09:38:22+00:00] skip /var/www/ntechsmarthomes.com/wp-includes/js/jcrop/.htaccess because of file is whitelisted
[2024-08-23T09:38:22+00:00] skip /var/www/ntechsmarthomes.com/wp-includes/js/jquery/.htaccess because of file is whitelisted
[2024-08-23T09:38:22+00:00] skip /var/www/ntechsmarthomes.com/wp-includes/js/jquery/ui/.htaccess because of file is whitelisted
[2024-08-23T09:38:22+00:00] skip /var/www/ntechsmarthomes.com/wp-includes/js/mediaelement/.htaccess because of file is whitelisted
[2024-08-23T09:38:22+00:00] skip /var/www/ntechsmarthomes.com/wp-includes/js/mediaelement/renderers/.htaccess because of file is whitelisted
[2024-08-23T09:38:22+00:00] skip /var/www/ntechsmarthomes.com/wp-includes/js/plupload/.htaccess because of file is whitelisted
[2024-08-23T09:38:22+00:00] skip /var/www/ntechsmarthomes.com/wp-includes/js/swfupload/.htaccess because of file is whitelisted
[2024-08-23T09:38:22+00:00] skip /var/www/ntechsmarthomes.com/wp-includes/js/thickbox/.htaccess because of file is whitelisted
[2024-08-23T09:38:22+00:00] skip /var/www/ntechsmarthomes.com/wp-includes/js/tinymce/.htaccess because of file is whitelisted
[2024-08-23T09:38:22+00:00] skip /var/www/ntechsmarthomes.com/wp-includes/js/tinymce/langs/.htaccess because of file is whitelisted
[2024-08-23T09:38:22+00:00] skip /var/www/ntechsmarthomes.com/wp-includes/js/tinymce/plugins/.htaccess because of file is whitelisted
[2024-08-23T09:38:22+00:00] skip /var/www/ntechsmarthomes.com/wp-includes/js/tinymce/plugins/charmap/.htaccess because of file is whitelisted
[2024-08-23T09:38:22+00:00] skip /var/www/ntechsmarthomes.com/wp-includes/js/tinymce/plugins/colorpicker/.htaccess because of file is whitelisted
[2024-08-23T09:38:22+00:00] skip /var/www/ntechsmarthomes.com/wp-includes/js/tinymce/plugins/compat3x/.htaccess because of file is whitelisted
[2024-08-23T09:38:22+00:00] skip /var/www/ntechsmarthomes.com/wp-includes/js/tinymce/plugins/compat3x/css/.htaccess because of file is whitelisted
[2024-08-23T09:38:22+00:00] skip /var/www/ntechsmarthomes.com/wp-includes/js/tinymce/plugins/directionality/.htaccess because of file is whitelisted
[2024-08-23T09:38:22+00:00] skip /var/www/ntechsmarthomes.com/wp-includes/js/tinymce/plugins/fullscreen/.htaccess because of file is whitelisted
[2024-08-23T09:38:22+00:00] skip /var/www/ntechsmarthomes.com/wp-includes/js/tinymce/plugins/hr/.htaccess because of file is whitelisted
[2024-08-23T09:38:22+00:00] skip /var/www/ntechsmarthomes.com/wp-includes/js/tinymce/plugins/image/.htaccess because of file is whitelisted
[2024-08-23T09:38:22+00:00] skip /var/www/ntechsmarthomes.com/wp-includes/js/tinymce/plugins/link/.htaccess because of file is whitelisted
[2024-08-23T09:38:22+00:00] skip /var/www/ntechsmarthomes.com/wp-includes/js/tinymce/plugins/lists/.htaccess because of file is whitelisted
[2024-08-23T09:38:22+00:00] skip /var/www/ntechsmarthomes.com/wp-includes/js/tinymce/plugins/media/.htaccess because of file is whitelisted
[2024-08-23T09:38:22+00:00] skip /var/www/ntechsmarthomes.com/wp-includes/js/tinymce/plugins/paste/.htaccess because of file is whitelisted
[2024-08-23T09:38:22+00:00] skip /var/www/ntechsmarthomes.com/wp-includes/js/tinymce/plugins/tabfocus/.htaccess because of file is whitelisted
[2024-08-23T09:38:22+00:00] skip /var/www/ntechsmarthomes.com/wp-includes/js/tinymce/plugins/textcolor/.htaccess because of file is whitelisted
[2024-08-23T09:38:22+00:00] skip /var/www/ntechsmarthomes.com/wp-includes/js/tinymce/plugins/wordpress/.htaccess because of file is whitelisted
[2024-08-23T09:38:22+00:00] skip /var/www/ntechsmarthomes.com/wp-includes/js/tinymce/plugins/wpautoresize/.htaccess because of file is whitelisted
[2024-08-23T09:38:22+00:00] skip /var/www/ntechsmarthomes.com/wp-includes/js/tinymce/plugins/wpdialogs/.htaccess because of file is whitelisted
[2024-08-23T09:38:22+00:00] skip /var/www/ntechsmarthomes.com/wp-includes/js/tinymce/plugins/wpeditimage/.htaccess because of file is whitelisted
[2024-08-23T09:38:22+00:00] skip /var/www/ntechsmarthomes.com/wp-includes/js/tinymce/plugins/wpemoji/.htaccess because of file is whitelisted
[2024-08-23T09:38:22+00:00] skip /var/www/ntechsmarthomes.com/wp-includes/js/tinymce/plugins/wpgallery/.htaccess because of file is whitelisted
[2024-08-23T09:38:22+00:00] skip /var/www/ntechsmarthomes.com/wp-includes/js/tinymce/plugins/wplink/.htaccess because of file is whitelisted
[2024-08-23T09:38:22+00:00] skip /var/www/ntechsmarthomes.com/wp-includes/js/tinymce/plugins/wptextpattern/.htaccess because of file is whitelisted
[2024-08-23T09:38:22+00:00] skip /var/www/ntechsmarthomes.com/wp-includes/js/tinymce/plugins/wpview/.htaccess because of file is whitelisted
[2024-08-23T09:38:22+00:00] skip /var/www/ntechsmarthomes.com/wp-includes/js/tinymce/skins/.htaccess because of file is whitelisted
[2024-08-23T09:38:22+00:00] skip /var/www/ntechsmarthomes.com/wp-includes/js/tinymce/skins/lightgray/.htaccess because of file is whitelisted
[2024-08-23T09:38:22+00:00] skip /var/www/ntechsmarthomes.com/wp-includes/js/tinymce/skins/lightgray/fonts/.htaccess because of file is whitelisted
[2024-08-23T09:38:22+00:00] skip /var/www/ntechsmarthomes.com/wp-includes/js/tinymce/skins/lightgray/img/.htaccess because of file is whitelisted
[2024-08-23T09:38:22+00:00] skip /var/www/ntechsmarthomes.com/wp-includes/js/tinymce/skins/wordpress/.htaccess because of file is whitelisted
[2024-08-23T09:38:22+00:00] skip /var/www/ntechsmarthomes.com/wp-includes/js/tinymce/skins/wordpress/images/.htaccess because of file is whitelisted
[2024-08-23T09:38:22+00:00] skip /var/www/ntechsmarthomes.com/wp-includes/js/tinymce/themes/.htaccess because of file is whitelisted
[2024-08-23T09:38:22+00:00] skip /var/www/ntechsmarthomes.com/wp-includes/js/tinymce/themes/inlite/.htaccess because of file is whitelisted
[2024-08-23T09:38:22+00:00] skip /var/www/ntechsmarthomes.com/wp-includes/js/tinymce/themes/modern/.htaccess because of file is whitelisted
[2024-08-23T09:38:22+00:00] skip /var/www/ntechsmarthomes.com/wp-includes/js/tinymce/utils/.htaccess because of file is whitelisted
[2024-08-23T09:38:22+00:00] skip /var/www/ntechsmarthomes.com/wp-includes/l10n/.htaccess because of file is whitelisted
[2024-08-23T09:38:22+00:00] skip /var/www/ntechsmarthomes.com/wp-includes/php-compat/.htaccess because of file is whitelisted
[2024-08-23T09:38:22+00:00] skip /var/www/ntechsmarthomes.com/wp-includes/pomo/.htaccess because of file is whitelisted
[2024-08-23T09:38:22+00:00] skip /var/www/ntechsmarthomes.com/wp-includes/rest-api/.htaccess because of file is whitelisted
[2024-08-23T09:38:22+00:00] skip /var/www/ntechsmarthomes.com/wp-includes/rest-api/endpoints/.htaccess because of file is whitelisted
[2024-08-23T09:38:22+00:00] skip /var/www/ntechsmarthomes.com/wp-includes/rest-api/fields/.htaccess because of file is whitelisted
[2024-08-23T09:38:22+00:00] skip /var/www/ntechsmarthomes.com/wp-includes/rest-api/search/.htaccess because of file is whitelisted
[2024-08-23T09:38:22+00:00] skip /var/www/ntechsmarthomes.com/wp-includes/sitemaps/.htaccess because of file is whitelisted
[2024-08-23T09:38:22+00:00] skip /var/www/ntechsmarthomes.com/wp-includes/sitemaps/providers/.htaccess because of file is whitelisted
[2024-08-23T09:38:22+00:00] skip /var/www/ntechsmarthomes.com/wp-includes/sodium_compat/.htaccess because of file is whitelisted
[2024-08-23T09:38:22+00:00] skip /var/www/ntechsmarthomes.com/wp-includes/sodium_compat/lib/.htaccess because of file is whitelisted
[2024-08-23T09:38:22+00:00] skip /var/www/ntechsmarthomes.com/wp-includes/sodium_compat/namespaced/.htaccess because of file is whitelisted
[2024-08-23T09:38:22+00:00] skip /var/www/ntechsmarthomes.com/wp-includes/sodium_compat/namespaced/Core/.htaccess because of file is whitelisted
[2024-08-23T09:38:22+00:00] skip /var/www/ntechsmarthomes.com/wp-includes/sodium_compat/namespaced/Core/ChaCha20/.htaccess because of file is whitelisted
[2024-08-23T09:38:22+00:00] skip /var/www/ntechsmarthomes.com/wp-includes/sodium_compat/namespaced/Core/Curve25519/.htaccess because of file is whitelisted
[2024-08-23T09:38:22+00:00] skip /var/www/ntechsmarthomes.com/wp-includes/sodium_compat/namespaced/Core/Curve25519/Ge/.htaccess because of file is whitelisted
[2024-08-23T09:38:22+00:00] skip /var/www/ntechsmarthomes.com/wp-includes/sodium_compat/namespaced/Core/Poly1305/.htaccess because of file is whitelisted
[2024-08-23T09:38:22+00:00] skip /var/www/ntechsmarthomes.com/wp-includes/sodium_compat/src/.htaccess because of file is whitelisted
[2024-08-23T09:38:22+00:00] skip /var/www/ntechsmarthomes.com/wp-includes/sodium_compat/src/Core/.htaccess because of file is whitelisted
[2024-08-23T09:38:22+00:00] skip /var/www/ntechsmarthomes.com/wp-includes/sodium_compat/src/Core/Base64/.htaccess because of file is whitelisted
[2024-08-23T09:38:22+00:00] skip /var/www/ntechsmarthomes.com/wp-includes/sodium_compat/src/Core/ChaCha20/.htaccess because of file is whitelisted
[2024-08-23T09:38:22+00:00] skip /var/www/ntechsmarthomes.com/wp-includes/sodium_compat/src/Core/Curve25519/.htaccess because of file is whitelisted
[2024-08-23T09:38:22+00:00] skip /var/www/ntechsmarthomes.com/wp-includes/sodium_compat/src/Core/Curve25519/Ge/.htaccess because of file is whitelisted
[2024-08-23T09:38:23+00:00] skip /var/www/ntechsmarthomes.com/wp-includes/sodium_compat/src/Core/Poly1305/.htaccess because of file is whitelisted
[2024-08-23T09:38:23+00:00] skip /var/www/ntechsmarthomes.com/wp-includes/sodium_compat/src/Core/SecretStream/.htaccess because of file is whitelisted
[2024-08-23T09:38:23+00:00] skip /var/www/ntechsmarthomes.com/wp-includes/sodium_compat/src/Core32/.htaccess because of file is whitelisted
[2024-08-23T09:38:23+00:00] skip /var/www/ntechsmarthomes.com/wp-includes/sodium_compat/src/Core32/ChaCha20/.htaccess because of file is whitelisted
[2024-08-23T09:38:23+00:00] skip /var/www/ntechsmarthomes.com/wp-includes/sodium_compat/src/Core32/Curve25519/.htaccess because of file is whitelisted
[2024-08-23T09:38:23+00:00] skip /var/www/ntechsmarthomes.com/wp-includes/sodium_compat/src/Core32/Curve25519/Ge/.htaccess because of file is whitelisted
[2024-08-23T09:38:23+00:00] skip /var/www/ntechsmarthomes.com/wp-includes/sodium_compat/src/Core32/Poly1305/.htaccess because of file is whitelisted
[2024-08-23T09:38:23+00:00] skip /var/www/ntechsmarthomes.com/wp-includes/sodium_compat/src/Core32/SecretStream/.htaccess because of file is whitelisted
[2024-08-23T09:38:23+00:00] skip /var/www/ntechsmarthomes.com/wp-includes/sodium_compat/src/PHP52/.htaccess because of file is whitelisted
[2024-08-23T09:38:23+00:00] skip /var/www/ntechsmarthomes.com/wp-includes/style-engine/.htaccess because of file is whitelisted
[2024-08-23T09:38:23+00:00] skip /var/www/ntechsmarthomes.com/wp-includes/theme-compat/.htaccess because of file is whitelisted
[2024-08-23T09:38:23+00:00] skip /var/www/ntechsmarthomes.com/wp-includes/widgets/.htaccess because of file is whitelisted
[2024-08-23T09:38:23+00:00] skip /var/www/ntechsmarthomes.com/wp-includes/wp-ajax/.htaccess because of file is whitelisted
[2024-08-23T09:38:23+00:00] skip /var/www/ntechsmarthomes.com/wp-includes/wp-ajax/wp/.htaccess because of file is whitelisted
[2024-08-23T09:38:23+00:00] skip /var/www/ntechsmarthomes.com/.htaccess because of file is whitelisted
[2024-08-23T09:38:23+00:00] task core_integrity_check processed
[2024-08-23T09:38:23+00:00] All done!
[2024-08-23T09:38:23+00:00] process done, queue for next
[2024-08-23T09:40:11+00:00] Initial ping self
[2024-08-23T09:40:56+00:00] Prepare facts for a scan
[2024-08-23T09:40:56+00:00] Current task gather_info
[2024-08-23T09:40:56+00:00] processing gather_info
[2024-08-23T09:40:56+00:00] Core: 2960
[2024-08-23T09:40:56+00:00] get_core_files in 0
[2024-08-23T09:40:56+00:00] process done, queue for next
[2024-08-23T09:40:56+00:00] Scan not done, pinging
[2024-08-23T09:40:56+00:00] Current task gather_info
[2024-08-23T09:40:56+00:00] processing gather_info
[2024-08-23T09:41:06+00:00] Content: 32235
[2024-08-23T09:41:09+00:00] get_content_files in 13
[2024-08-23T09:41:09+00:00] task gather_info processed
[2024-08-23T09:41:09+00:00] queue core_integrity_check for next
[2024-08-23T09:41:09+00:00] process done, queue for next
[2024-08-23T09:41:09+00:00] Scan not done, pinging
[2024-08-23T09:41:09+00:00] Current task core_integrity_check
[2024-08-23T09:41:09+00:00] processing core_integrity_check
[2024-08-23T09:41:09+00:00] Fetch checksums, should only once
[2024-08-23T09:41:11+00:00] current pos 0
[2024-08-23T09:41:11+00:00] skip /var/www/ntechsmarthomes.com/wp-admin/css/.htaccess because of file is whitelisted
[2024-08-23T09:41:11+00:00] skip /var/www/ntechsmarthomes.com/wp-admin/css/colors/.htaccess because of file is whitelisted
[2024-08-23T09:41:11+00:00] skip /var/www/ntechsmarthomes.com/wp-admin/css/colors/blue/.htaccess because of file is whitelisted
[2024-08-23T09:41:11+00:00] skip /var/www/ntechsmarthomes.com/wp-admin/css/colors/coffee/.htaccess because of file is whitelisted
[2024-08-23T09:41:11+00:00] skip /var/www/ntechsmarthomes.com/wp-admin/css/colors/ectoplasm/.htaccess because of file is whitelisted
[2024-08-23T09:41:11+00:00] skip /var/www/ntechsmarthomes.com/wp-admin/css/colors/light/.htaccess because of file is whitelisted
[2024-08-23T09:41:11+00:00] skip /var/www/ntechsmarthomes.com/wp-admin/css/colors/midnight/.htaccess because of file is whitelisted
[2024-08-23T09:41:11+00:00] skip /var/www/ntechsmarthomes.com/wp-admin/css/colors/modern/.htaccess because of file is whitelisted
[2024-08-23T09:41:11+00:00] skip /var/www/ntechsmarthomes.com/wp-admin/css/colors/ocean/.htaccess because of file is whitelisted
[2024-08-23T09:41:11+00:00] skip /var/www/ntechsmarthomes.com/wp-admin/css/colors/sunrise/.htaccess because of file is whitelisted
[2024-08-23T09:41:12+00:00] skip /var/www/ntechsmarthomes.com/wp-admin/images/.htaccess because of file is whitelisted
[2024-08-23T09:41:12+00:00] skip /var/www/ntechsmarthomes.com/wp-admin/includes/.htaccess because of file is whitelisted
[2024-08-23T09:41:13+00:00] skip /var/www/ntechsmarthomes.com/wp-admin/includes/wp/.htaccess because of file is whitelisted
[2024-08-23T09:41:13+00:00] skip /var/www/ntechsmarthomes.com/wp-admin/js/.htaccess because of file is whitelisted
[2024-08-23T09:41:13+00:00] skip /var/www/ntechsmarthomes.com/wp-admin/js/widgets/.htaccess because of file is whitelisted
[2024-08-23T09:41:13+00:00] skip /var/www/ntechsmarthomes.com/wp-admin/maint/.htaccess because of file is whitelisted
[2024-08-23T09:41:13+00:00] skip /var/www/ntechsmarthomes.com/wp-admin/network/.htaccess because of file is whitelisted
[2024-08-23T09:41:13+00:00] skip /var/www/ntechsmarthomes.com/wp-admin/user/.htaccess because of file is whitelisted
[2024-08-23T09:41:13+00:00] skip /var/www/ntechsmarthomes.com/wp-includes/.htaccess because of file is whitelisted
[2024-08-23T09:41:13+00:00] skip /var/www/ntechsmarthomes.com/wp-includes/ID3/.htaccess because of file is whitelisted
[2024-08-23T09:41:13+00:00] skip /var/www/ntechsmarthomes.com/wp-includes/IXR/.htaccess because of file is whitelisted
[2024-08-23T09:41:13+00:00] skip /var/www/ntechsmarthomes.com/wp-includes/PHPMailer/.htaccess because of file is whitelisted
[2024-08-23T09:41:13+00:00] skip /var/www/ntechsmarthomes.com/wp-includes/Requests/.htaccess because of file is whitelisted
[2024-08-23T09:41:13+00:00] skip /var/www/ntechsmarthomes.com/wp-includes/Requests/library/.htaccess because of file is whitelisted
[2024-08-23T09:41:13+00:00] skip /var/www/ntechsmarthomes.com/wp-includes/Requests/src/.htaccess because of file is whitelisted
[2024-08-23T09:41:13+00:00] skip /var/www/ntechsmarthomes.com/wp-includes/Requests/src/Auth/.htaccess because of file is whitelisted
[2024-08-23T09:41:13+00:00] skip /var/www/ntechsmarthomes.com/wp-includes/Requests/src/Cookie/.htaccess because of file is whitelisted
[2024-08-23T09:41:13+00:00] skip /var/www/ntechsmarthomes.com/wp-includes/Requests/src/Exception/.htaccess because of file is whitelisted
[2024-08-23T09:41:13+00:00] skip /var/www/ntechsmarthomes.com/wp-includes/Requests/src/Exception/Http/.htaccess because of file is whitelisted
[2024-08-23T09:41:13+00:00] skip /var/www/ntechsmarthomes.com/wp-includes/Requests/src/Exception/Transport/.htaccess because of file is whitelisted
[2024-08-23T09:41:13+00:00] skip /var/www/ntechsmarthomes.com/wp-includes/Requests/src/Proxy/.htaccess because of file is whitelisted
[2024-08-23T09:41:13+00:00] skip /var/www/ntechsmarthomes.com/wp-includes/Requests/src/Response/.htaccess because of file is whitelisted
[2024-08-23T09:41:13+00:00] skip /var/www/ntechsmarthomes.com/wp-includes/Requests/src/Transport/.htaccess because of file is whitelisted
[2024-08-23T09:41:13+00:00] skip /var/www/ntechsmarthomes.com/wp-includes/Requests/src/Utility/.htaccess because of file is whitelisted
[2024-08-23T09:41:13+00:00] skip /var/www/ntechsmarthomes.com/wp-includes/SimplePie/.htaccess because of file is whitelisted
[2024-08-23T09:41:13+00:00] skip /var/www/ntechsmarthomes.com/wp-includes/SimplePie/Cache/.htaccess because of file is whitelisted
[2024-08-23T09:41:13+00:00] skip /var/www/ntechsmarthomes.com/wp-includes/SimplePie/Content/.htaccess because of file is whitelisted
[2024-08-23T09:41:13+00:00] skip /var/www/ntechsmarthomes.com/wp-includes/SimplePie/Content/Type/.htaccess because of file is whitelisted
[2024-08-23T09:41:13+00:00] skip /var/www/ntechsmarthomes.com/wp-includes/SimplePie/Decode/.htaccess because of file is whitelisted
[2024-08-23T09:41:13+00:00] skip /var/www/ntechsmarthomes.com/wp-includes/SimplePie/Decode/HTML/.htaccess because of file is whitelisted
[2024-08-23T09:41:13+00:00] skip /var/www/ntechsmarthomes.com/wp-includes/SimplePie/HTTP/.htaccess because of file is whitelisted
[2024-08-23T09:41:13+00:00] skip /var/www/ntechsmarthomes.com/wp-includes/SimplePie/Net/.htaccess because of file is whitelisted
[2024-08-23T09:41:13+00:00] skip /var/www/ntechsmarthomes.com/wp-includes/SimplePie/Parse/.htaccess because of file is whitelisted
[2024-08-23T09:41:14+00:00] skip /var/www/ntechsmarthomes.com/wp-includes/SimplePie/XML/.htaccess because of file is whitelisted
[2024-08-23T09:41:14+00:00] skip /var/www/ntechsmarthomes.com/wp-includes/SimplePie/XML/Declaration/.htaccess because of file is whitelisted
[2024-08-23T09:41:14+00:00] skip /var/www/ntechsmarthomes.com/wp-includes/Text/.htaccess because of file is whitelisted
[2024-08-23T09:41:14+00:00] skip /var/www/ntechsmarthomes.com/wp-includes/Text/Diff/.htaccess because of file is whitelisted
[2024-08-23T09:41:14+00:00] skip /var/www/ntechsmarthomes.com/wp-includes/Text/Diff/Engine/.htaccess because of file is whitelisted
[2024-08-23T09:41:14+00:00] skip /var/www/ntechsmarthomes.com/wp-includes/Text/Diff/Renderer/.htaccess because of file is whitelisted
[2024-08-23T09:41:14+00:00] skip /var/www/ntechsmarthomes.com/wp-includes/Text/wp/.htaccess because of file is whitelisted
[2024-08-23T09:41:14+00:00] skip /var/www/ntechsmarthomes.com/wp-includes/assets/.htaccess because of file is whitelisted
[2024-08-23T09:41:14+00:00] skip /var/www/ntechsmarthomes.com/wp-includes/block-bindings/.htaccess because of file is whitelisted
[2024-08-23T09:41:14+00:00] skip /var/www/ntechsmarthomes.com/wp-includes/block-patterns/.htaccess because of file is whitelisted
[2024-08-23T09:41:14+00:00] skip /var/www/ntechsmarthomes.com/wp-includes/block-supports/.htaccess because of file is whitelisted
[2024-08-23T09:41:14+00:00] skip /var/www/ntechsmarthomes.com/wp-includes/blocks/.htaccess because of file is whitelisted
[2024-08-23T09:41:14+00:00] skip /var/www/ntechsmarthomes.com/wp-includes/blocks/archives/.htaccess because of file is whitelisted
[2024-08-23T09:41:14+00:00] skip /var/www/ntechsmarthomes.com/wp-includes/blocks/audio/.htaccess because of file is whitelisted
[2024-08-23T09:41:14+00:00] skip /var/www/ntechsmarthomes.com/wp-includes/blocks/avatar/.htaccess because of file is whitelisted
[2024-08-23T09:41:14+00:00] skip /var/www/ntechsmarthomes.com/wp-includes/blocks/block/.htaccess because of file is whitelisted
[2024-08-23T09:41:14+00:00] skip /var/www/ntechsmarthomes.com/wp-includes/blocks/button/.htaccess because of file is whitelisted
[2024-08-23T09:41:14+00:00] skip /var/www/ntechsmarthomes.com/wp-includes/blocks/buttons/.htaccess because of file is whitelisted
[2024-08-23T09:41:14+00:00] skip /var/www/ntechsmarthomes.com/wp-includes/blocks/calendar/.htaccess because of file is whitelisted
[2024-08-23T09:41:14+00:00] skip /var/www/ntechsmarthomes.com/wp-includes/blocks/categories/.htaccess because of file is whitelisted
[2024-08-23T09:41:14+00:00] skip /var/www/ntechsmarthomes.com/wp-includes/blocks/code/.htaccess because of file is whitelisted
[2024-08-23T09:41:14+00:00] skip /var/www/ntechsmarthomes.com/wp-includes/blocks/column/.htaccess because of file is whitelisted
[2024-08-23T09:41:14+00:00] skip /var/www/ntechsmarthomes.com/wp-includes/blocks/columns/.htaccess because of file is whitelisted
[2024-08-23T09:41:14+00:00] skip /var/www/ntechsmarthomes.com/wp-includes/blocks/columns/wp/.htaccess because of file is whitelisted
[2024-08-23T09:41:14+00:00] skip /var/www/ntechsmarthomes.com/wp-includes/blocks/comment-author-name/.htaccess because of file is whitelisted
[2024-08-23T09:41:14+00:00] skip /var/www/ntechsmarthomes.com/wp-includes/blocks/comment-content/.htaccess because of file is whitelisted
[2024-08-23T09:41:14+00:00] skip /var/www/ntechsmarthomes.com/wp-includes/blocks/comment-date/.htaccess because of file is whitelisted
[2024-08-23T09:41:14+00:00] skip /var/www/ntechsmarthomes.com/wp-includes/blocks/comment-edit-link/.htaccess because of file is whitelisted
[2024-08-23T09:41:14+00:00] skip /var/www/ntechsmarthomes.com/wp-includes/blocks/comment-reply-link/.htaccess because of file is whitelisted
[2024-08-23T09:41:14+00:00] skip /var/www/ntechsmarthomes.com/wp-includes/blocks/comment-template/.htaccess because of file is whitelisted
[2024-08-23T09:41:14+00:00] skip /var/www/ntechsmarthomes.com/wp-includes/blocks/comments/.htaccess because of file is whitelisted
[2024-08-23T09:41:14+00:00] skip /var/www/ntechsmarthomes.com/wp-includes/blocks/comments-pagination/.htaccess because of file is whitelisted
[2024-08-23T09:41:14+00:00] skip /var/www/ntechsmarthomes.com/wp-includes/blocks/comments-pagination-next/.htaccess because of file is whitelisted
[2024-08-23T09:41:14+00:00] skip /var/www/ntechsmarthomes.com/wp-includes/blocks/comments-pagination-numbers/.htaccess because of file is whitelisted
[2024-08-23T09:41:14+00:00] skip /var/www/ntechsmarthomes.com/wp-includes/blocks/comments-pagination-previous/.htaccess because of file is whitelisted
[2024-08-23T09:41:14+00:00] skip /var/www/ntechsmarthomes.com/wp-includes/blocks/comments-title/.htaccess because of file is whitelisted
[2024-08-23T09:41:14+00:00] skip /var/www/ntechsmarthomes.com/wp-includes/blocks/cover/.htaccess because of file is whitelisted
[2024-08-23T09:41:14+00:00] skip /var/www/ntechsmarthomes.com/wp-includes/blocks/details/.htaccess because of file is whitelisted
[2024-08-23T09:41:14+00:00] skip /var/www/ntechsmarthomes.com/wp-includes/blocks/embed/.htaccess because of file is whitelisted
[2024-08-23T09:41:14+00:00] skip /var/www/ntechsmarthomes.com/wp-includes/blocks/file/.htaccess because of file is whitelisted
[2024-08-23T09:41:14+00:00] skip /var/www/ntechsmarthomes.com/wp-includes/blocks/footnotes/.htaccess because of file is whitelisted
[2024-08-23T09:41:14+00:00] skip /var/www/ntechsmarthomes.com/wp-includes/blocks/freeform/.htaccess because of file is whitelisted
[2024-08-23T09:41:14+00:00] skip /var/www/ntechsmarthomes.com/wp-includes/blocks/gallery/.htaccess because of file is whitelisted
[2024-08-23T09:41:14+00:00] skip /var/www/ntechsmarthomes.com/wp-includes/blocks/group/.htaccess because of file is whitelisted
[2024-08-23T09:41:14+00:00] skip /var/www/ntechsmarthomes.com/wp-includes/blocks/heading/.htaccess because of file is whitelisted
[2024-08-23T09:41:14+00:00] skip /var/www/ntechsmarthomes.com/wp-includes/blocks/home-link/.htaccess because of file is whitelisted
[2024-08-23T09:41:14+00:00] skip /var/www/ntechsmarthomes.com/wp-includes/blocks/html/.htaccess because of file is whitelisted
[2024-08-23T09:41:14+00:00] skip /var/www/ntechsmarthomes.com/wp-includes/blocks/html/wp/.htaccess because of file is whitelisted
[2024-08-23T09:41:14+00:00] skip /var/www/ntechsmarthomes.com/wp-includes/blocks/image/.htaccess because of file is whitelisted
[2024-08-23T09:41:14+00:00] skip /var/www/ntechsmarthomes.com/wp-includes/blocks/latest-comments/.htaccess because of file is whitelisted
[2024-08-23T09:41:14+00:00] skip /var/www/ntechsmarthomes.com/wp-includes/blocks/latest-posts/.htaccess because of file is whitelisted
[2024-08-23T09:41:14+00:00] skip /var/www/ntechsmarthomes.com/wp-includes/blocks/latest-posts/wp/.htaccess because of file is whitelisted
[2024-08-23T09:41:14+00:00] skip /var/www/ntechsmarthomes.com/wp-includes/blocks/legacy-widget/.htaccess because of file is whitelisted
[2024-08-23T09:41:14+00:00] skip /var/www/ntechsmarthomes.com/wp-includes/blocks/list/.htaccess because of file is whitelisted
[2024-08-23T09:41:14+00:00] skip /var/www/ntechsmarthomes.com/wp-includes/blocks/list-item/.htaccess because of file is whitelisted
[2024-08-23T09:41:14+00:00] skip /var/www/ntechsmarthomes.com/wp-includes/blocks/loginout/.htaccess because of file is whitelisted
[2024-08-23T09:41:14+00:00] skip /var/www/ntechsmarthomes.com/wp-includes/blocks/media-text/.htaccess because of file is whitelisted
[2024-08-23T09:41:14+00:00] skip /var/www/ntechsmarthomes.com/wp-includes/blocks/missing/.htaccess because of file is whitelisted
[2024-08-23T09:41:14+00:00] skip /var/www/ntechsmarthomes.com/wp-includes/blocks/more/.htaccess because of file is whitelisted
[2024-08-23T09:41:14+00:00] skip /var/www/ntechsmarthomes.com/wp-includes/blocks/navigation/.htaccess because of file is whitelisted
[2024-08-23T09:41:14+00:00] skip /var/www/ntechsmarthomes.com/wp-includes/blocks/navigation-link/.htaccess because of file is whitelisted
[2024-08-23T09:41:14+00:00] skip /var/www/ntechsmarthomes.com/wp-includes/blocks/navigation-submenu/.htaccess because of file is whitelisted
[2024-08-23T09:41:14+00:00] skip /var/www/ntechsmarthomes.com/wp-includes/blocks/nextpage/.htaccess because of file is whitelisted
[2024-08-23T09:41:14+00:00] skip /var/www/ntechsmarthomes.com/wp-includes/blocks/page-list/.htaccess because of file is whitelisted
[2024-08-23T09:41:14+00:00] skip /var/www/ntechsmarthomes.com/wp-includes/blocks/page-list-item/.htaccess because of file is whitelisted
[2024-08-23T09:41:14+00:00] skip /var/www/ntechsmarthomes.com/wp-includes/blocks/paragraph/.htaccess because of file is whitelisted
[2024-08-23T09:41:15+00:00] skip /var/www/ntechsmarthomes.com/wp-includes/blocks/pattern/.htaccess because of file is whitelisted
[2024-08-23T09:41:15+00:00] skip /var/www/ntechsmarthomes.com/wp-includes/blocks/post-author/.htaccess because of file is whitelisted
[2024-08-23T09:41:15+00:00] skip /var/www/ntechsmarthomes.com/wp-includes/blocks/post-author-biography/.htaccess because of file is whitelisted
[2024-08-23T09:41:15+00:00] skip /var/www/ntechsmarthomes.com/wp-includes/blocks/post-author-name/.htaccess because of file is whitelisted
[2024-08-23T09:41:15+00:00] skip /var/www/ntechsmarthomes.com/wp-includes/blocks/post-comments-form/.htaccess because of file is whitelisted
[2024-08-23T09:41:15+00:00] skip /var/www/ntechsmarthomes.com/wp-includes/blocks/post-content/.htaccess because of file is whitelisted
[2024-08-23T09:41:15+00:00] skip /var/www/ntechsmarthomes.com/wp-includes/blocks/post-date/.htaccess because of file is whitelisted
[2024-08-23T09:41:15+00:00] skip /var/www/ntechsmarthomes.com/wp-includes/blocks/post-excerpt/.htaccess because of file is whitelisted
[2024-08-23T09:41:15+00:00] skip /var/www/ntechsmarthomes.com/wp-includes/blocks/post-featured-image/.htaccess because of file is whitelisted
[2024-08-23T09:41:15+00:00] skip /var/www/ntechsmarthomes.com/wp-includes/blocks/post-navigation-link/.htaccess because of file is whitelisted
[2024-08-23T09:41:15+00:00] skip /var/www/ntechsmarthomes.com/wp-includes/blocks/post-template/.htaccess because of file is whitelisted
[2024-08-23T09:41:15+00:00] skip /var/www/ntechsmarthomes.com/wp-includes/blocks/post-terms/.htaccess because of file is whitelisted
[2024-08-23T09:41:15+00:00] skip /var/www/ntechsmarthomes.com/wp-includes/blocks/post-title/.htaccess because of file is whitelisted
[2024-08-23T09:41:15+00:00] skip /var/www/ntechsmarthomes.com/wp-includes/blocks/preformatted/.htaccess because of file is whitelisted
[2024-08-23T09:41:15+00:00] skip /var/www/ntechsmarthomes.com/wp-includes/blocks/pullquote/.htaccess because of file is whitelisted
[2024-08-23T09:41:15+00:00] skip /var/www/ntechsmarthomes.com/wp-includes/blocks/query/.htaccess because of file is whitelisted
[2024-08-23T09:41:15+00:00] skip /var/www/ntechsmarthomes.com/wp-includes/blocks/query-no-results/.htaccess because of file is whitelisted
[2024-08-23T09:41:15+00:00] skip /var/www/ntechsmarthomes.com/wp-includes/blocks/query-pagination/.htaccess because of file is whitelisted
[2024-08-23T09:41:15+00:00] skip /var/www/ntechsmarthomes.com/wp-includes/blocks/query-pagination-next/.htaccess because of file is whitelisted
[2024-08-23T09:41:15+00:00] skip /var/www/ntechsmarthomes.com/wp-includes/blocks/query-pagination-numbers/.htaccess because of file is whitelisted
[2024-08-23T09:41:15+00:00] skip /var/www/ntechsmarthomes.com/wp-includes/blocks/query-pagination-previous/.htaccess because of file is whitelisted
[2024-08-23T09:41:15+00:00] skip /var/www/ntechsmarthomes.com/wp-includes/blocks/query-title/.htaccess because of file is whitelisted
[2024-08-23T09:41:15+00:00] skip /var/www/ntechsmarthomes.com/wp-includes/blocks/quote/.htaccess because of file is whitelisted
[2024-08-23T09:41:15+00:00] skip /var/www/ntechsmarthomes.com/wp-includes/blocks/read-more/.htaccess because of file is whitelisted
[2024-08-23T09:41:15+00:00] skip /var/www/ntechsmarthomes.com/wp-includes/blocks/rss/.htaccess because of file is whitelisted
[2024-08-23T09:41:15+00:00] skip /var/www/ntechsmarthomes.com/wp-includes/blocks/search/.htaccess because of file is whitelisted
[2024-08-23T09:41:15+00:00] skip /var/www/ntechsmarthomes.com/wp-includes/blocks/separator/.htaccess because of file is whitelisted
[2024-08-23T09:41:15+00:00] skip /var/www/ntechsmarthomes.com/wp-includes/blocks/shortcode/.htaccess because of file is whitelisted
[2024-08-23T09:41:15+00:00] skip /var/www/ntechsmarthomes.com/wp-includes/blocks/site-logo/.htaccess because of file is whitelisted
[2024-08-23T09:41:15+00:00] skip /var/www/ntechsmarthomes.com/wp-includes/blocks/site-tagline/.htaccess because of file is whitelisted
[2024-08-23T09:41:15+00:00] skip /var/www/ntechsmarthomes.com/wp-includes/blocks/site-title/.htaccess because of file is whitelisted
[2024-08-23T09:41:15+00:00] skip /var/www/ntechsmarthomes.com/wp-includes/blocks/social-link/.htaccess because of file is whitelisted
[2024-08-23T09:41:15+00:00] skip /var/www/ntechsmarthomes.com/wp-includes/blocks/social-links/.htaccess because of file is whitelisted
[2024-08-23T09:41:15+00:00] skip /var/www/ntechsmarthomes.com/wp-includes/blocks/spacer/.htaccess because of file is whitelisted
[2024-08-23T09:41:15+00:00] skip /var/www/ntechsmarthomes.com/wp-includes/blocks/table/.htaccess because of file is whitelisted
[2024-08-23T09:41:15+00:00] skip /var/www/ntechsmarthomes.com/wp-includes/blocks/tag-cloud/.htaccess because of file is whitelisted
[2024-08-23T09:41:15+00:00] skip /var/www/ntechsmarthomes.com/wp-includes/blocks/template-part/.htaccess because of file is whitelisted
[2024-08-23T09:41:15+00:00] skip /var/www/ntechsmarthomes.com/wp-includes/blocks/template-part/wp/.htaccess because of file is whitelisted
[2024-08-23T09:41:15+00:00] skip /var/www/ntechsmarthomes.com/wp-includes/blocks/term-description/.htaccess because of file is whitelisted
[2024-08-23T09:41:15+00:00] skip /var/www/ntechsmarthomes.com/wp-includes/blocks/text-columns/.htaccess because of file is whitelisted
[2024-08-23T09:41:15+00:00] skip /var/www/ntechsmarthomes.com/wp-includes/blocks/verse/.htaccess because of file is whitelisted
[2024-08-23T09:41:15+00:00] skip /var/www/ntechsmarthomes.com/wp-includes/blocks/video/.htaccess because of file is whitelisted
[2024-08-23T09:41:15+00:00] skip /var/www/ntechsmarthomes.com/wp-includes/blocks/widget-group/.htaccess because of file is whitelisted
[2024-08-23T09:41:15+00:00] skip /var/www/ntechsmarthomes.com/wp-includes/blocks/wp/.htaccess because of file is whitelisted
[2024-08-23T09:41:15+00:00] skip /var/www/ntechsmarthomes.com/wp-includes/certificates/.htaccess because of file is whitelisted
[2024-08-23T09:41:15+00:00] skip /var/www/ntechsmarthomes.com/wp-includes/css/.htaccess because of file is whitelisted
[2024-08-23T09:41:15+00:00] skip /var/www/ntechsmarthomes.com/wp-includes/css/dist/.htaccess because of file is whitelisted
[2024-08-23T09:41:15+00:00] skip /var/www/ntechsmarthomes.com/wp-includes/css/dist/block-directory/.htaccess because of file is whitelisted
[2024-08-23T09:41:15+00:00] skip /var/www/ntechsmarthomes.com/wp-includes/css/dist/block-editor/.htaccess because of file is whitelisted
[2024-08-23T09:41:15+00:00] skip /var/www/ntechsmarthomes.com/wp-includes/css/dist/block-library/.htaccess because of file is whitelisted
[2024-08-23T09:41:15+00:00] skip /var/www/ntechsmarthomes.com/wp-includes/css/dist/commands/.htaccess because of file is whitelisted
[2024-08-23T09:41:15+00:00] skip /var/www/ntechsmarthomes.com/wp-includes/css/dist/components/.htaccess because of file is whitelisted
[2024-08-23T09:41:15+00:00] skip /var/www/ntechsmarthomes.com/wp-includes/css/dist/customize-widgets/.htaccess because of file is whitelisted
[2024-08-23T09:41:15+00:00] skip /var/www/ntechsmarthomes.com/wp-includes/css/dist/edit-post/.htaccess because of file is whitelisted
[2024-08-23T09:41:15+00:00] skip /var/www/ntechsmarthomes.com/wp-includes/css/dist/edit-site/.htaccess because of file is whitelisted
[2024-08-23T09:41:16+00:00] skip /var/www/ntechsmarthomes.com/wp-includes/css/dist/edit-widgets/.htaccess because of file is whitelisted
[2024-08-23T09:41:16+00:00] skip /var/www/ntechsmarthomes.com/wp-includes/css/dist/editor/.htaccess because of file is whitelisted
[2024-08-23T09:41:16+00:00] skip /var/www/ntechsmarthomes.com/wp-includes/css/dist/format-library/.htaccess because of file is whitelisted
[2024-08-23T09:41:16+00:00] skip /var/www/ntechsmarthomes.com/wp-includes/css/dist/list-reusable-blocks/.htaccess because of file is whitelisted
[2024-08-23T09:41:16+00:00] skip /var/www/ntechsmarthomes.com/wp-includes/css/dist/nux/.htaccess because of file is whitelisted
[2024-08-23T09:41:16+00:00] skip /var/www/ntechsmarthomes.com/wp-includes/css/dist/patterns/.htaccess because of file is whitelisted
[2024-08-23T09:41:16+00:00] skip /var/www/ntechsmarthomes.com/wp-includes/css/dist/preferences/.htaccess because of file is whitelisted
[2024-08-23T09:41:16+00:00] skip /var/www/ntechsmarthomes.com/wp-includes/css/dist/reusable-blocks/.htaccess because of file is whitelisted
[2024-08-23T09:41:16+00:00] skip /var/www/ntechsmarthomes.com/wp-includes/css/dist/widgets/.htaccess because of file is whitelisted
[2024-08-23T09:41:16+00:00] skip /var/www/ntechsmarthomes.com/wp-includes/css/wp/.htaccess because of file is whitelisted
[2024-08-23T09:41:16+00:00] skip /var/www/ntechsmarthomes.com/wp-includes/customize/.htaccess because of file is whitelisted
[2024-08-23T09:41:16+00:00] skip /var/www/ntechsmarthomes.com/wp-includes/customize/wp/.htaccess because of file is whitelisted
[2024-08-23T09:41:16+00:00] skip /var/www/ntechsmarthomes.com/wp-includes/fonts/.htaccess because of file is whitelisted
[2024-08-23T09:41:16+00:00] skip /var/www/ntechsmarthomes.com/wp-includes/html-api/.htaccess because of file is whitelisted
[2024-08-23T09:41:16+00:00] skip /var/www/ntechsmarthomes.com/wp-includes/images/.htaccess because of file is whitelisted
[2024-08-23T09:41:16+00:00] skip /var/www/ntechsmarthomes.com/wp-includes/images/crystal/.htaccess because of file is whitelisted
[2024-08-23T09:41:16+00:00] skip /var/www/ntechsmarthomes.com/wp-includes/images/media/.htaccess because of file is whitelisted
[2024-08-23T09:41:16+00:00] skip /var/www/ntechsmarthomes.com/wp-includes/images/smilies/.htaccess because of file is whitelisted
[2024-08-23T09:41:16+00:00] skip /var/www/ntechsmarthomes.com/wp-includes/interactivity-api/.htaccess because of file is whitelisted
[2024-08-23T09:41:16+00:00] skip /var/www/ntechsmarthomes.com/wp-includes/js/.htaccess because of file is whitelisted
[2024-08-23T09:41:16+00:00] skip /var/www/ntechsmarthomes.com/wp-includes/js/codemirror/.htaccess because of file is whitelisted
[2024-08-23T09:41:16+00:00] skip /var/www/ntechsmarthomes.com/wp-includes/js/crop/.htaccess because of file is whitelisted
[2024-08-23T09:41:16+00:00] skip /var/www/ntechsmarthomes.com/wp-includes/js/dist/.htaccess because of file is whitelisted
[2024-08-23T09:41:16+00:00] skip /var/www/ntechsmarthomes.com/wp-includes/js/dist/development/.htaccess because of file is whitelisted
[2024-08-23T09:41:16+00:00] skip /var/www/ntechsmarthomes.com/wp-includes/js/dist/vendor/.htaccess because of file is whitelisted
[2024-08-23T09:41:16+00:00] skip /var/www/ntechsmarthomes.com/wp-includes/js/imgareaselect/.htaccess because of file is whitelisted
[2024-08-23T09:41:16+00:00] skip /var/www/ntechsmarthomes.com/wp-includes/js/jcrop/.htaccess because of file is whitelisted
[2024-08-23T09:41:16+00:00] skip /var/www/ntechsmarthomes.com/wp-includes/js/jquery/.htaccess because of file is whitelisted
[2024-08-23T09:41:17+00:00] skip /var/www/ntechsmarthomes.com/wp-includes/js/jquery/ui/.htaccess because of file is whitelisted
[2024-08-23T09:41:17+00:00] skip /var/www/ntechsmarthomes.com/wp-includes/js/mediaelement/.htaccess because of file is whitelisted
[2024-08-23T09:41:17+00:00] skip /var/www/ntechsmarthomes.com/wp-includes/js/mediaelement/renderers/.htaccess because of file is whitelisted
[2024-08-23T09:41:17+00:00] skip /var/www/ntechsmarthomes.com/wp-includes/js/plupload/.htaccess because of file is whitelisted
[2024-08-23T09:41:17+00:00] skip /var/www/ntechsmarthomes.com/wp-includes/js/swfupload/.htaccess because of file is whitelisted
[2024-08-23T09:41:17+00:00] skip /var/www/ntechsmarthomes.com/wp-includes/js/thickbox/.htaccess because of file is whitelisted
[2024-08-23T09:41:17+00:00] skip /var/www/ntechsmarthomes.com/wp-includes/js/tinymce/.htaccess because of file is whitelisted
[2024-08-23T09:41:17+00:00] skip /var/www/ntechsmarthomes.com/wp-includes/js/tinymce/langs/.htaccess because of file is whitelisted
[2024-08-23T09:41:17+00:00] skip /var/www/ntechsmarthomes.com/wp-includes/js/tinymce/plugins/.htaccess because of file is whitelisted
[2024-08-23T09:41:17+00:00] skip /var/www/ntechsmarthomes.com/wp-includes/js/tinymce/plugins/charmap/.htaccess because of file is whitelisted
[2024-08-23T09:41:17+00:00] skip /var/www/ntechsmarthomes.com/wp-includes/js/tinymce/plugins/colorpicker/.htaccess because of file is whitelisted
[2024-08-23T09:41:17+00:00] skip /var/www/ntechsmarthomes.com/wp-includes/js/tinymce/plugins/compat3x/.htaccess because of file is whitelisted
[2024-08-23T09:41:17+00:00] skip /var/www/ntechsmarthomes.com/wp-includes/js/tinymce/plugins/compat3x/css/.htaccess because of file is whitelisted
[2024-08-23T09:41:17+00:00] skip /var/www/ntechsmarthomes.com/wp-includes/js/tinymce/plugins/directionality/.htaccess because of file is whitelisted
[2024-08-23T09:41:17+00:00] skip /var/www/ntechsmarthomes.com/wp-includes/js/tinymce/plugins/fullscreen/.htaccess because of file is whitelisted
[2024-08-23T09:41:17+00:00] skip /var/www/ntechsmarthomes.com/wp-includes/js/tinymce/plugins/hr/.htaccess because of file is whitelisted
[2024-08-23T09:41:17+00:00] skip /var/www/ntechsmarthomes.com/wp-includes/js/tinymce/plugins/image/.htaccess because of file is whitelisted
[2024-08-23T09:41:17+00:00] skip /var/www/ntechsmarthomes.com/wp-includes/js/tinymce/plugins/link/.htaccess because of file is whitelisted
[2024-08-23T09:41:17+00:00] skip /var/www/ntechsmarthomes.com/wp-includes/js/tinymce/plugins/lists/.htaccess because of file is whitelisted
[2024-08-23T09:41:17+00:00] skip /var/www/ntechsmarthomes.com/wp-includes/js/tinymce/plugins/media/.htaccess because of file is whitelisted
[2024-08-23T09:41:17+00:00] skip /var/www/ntechsmarthomes.com/wp-includes/js/tinymce/plugins/paste/.htaccess because of file is whitelisted
[2024-08-23T09:41:17+00:00] skip /var/www/ntechsmarthomes.com/wp-includes/js/tinymce/plugins/tabfocus/.htaccess because of file is whitelisted
[2024-08-23T09:41:17+00:00] skip /var/www/ntechsmarthomes.com/wp-includes/js/tinymce/plugins/textcolor/.htaccess because of file is whitelisted
[2024-08-23T09:41:17+00:00] skip /var/www/ntechsmarthomes.com/wp-includes/js/tinymce/plugins/wordpress/.htaccess because of file is whitelisted
[2024-08-23T09:41:17+00:00] skip /var/www/ntechsmarthomes.com/wp-includes/js/tinymce/plugins/wpautoresize/.htaccess because of file is whitelisted
[2024-08-23T09:41:17+00:00] skip /var/www/ntechsmarthomes.com/wp-includes/js/tinymce/plugins/wpdialogs/.htaccess because of file is whitelisted
[2024-08-23T09:41:17+00:00] skip /var/www/ntechsmarthomes.com/wp-includes/js/tinymce/plugins/wpeditimage/.htaccess because of file is whitelisted
[2024-08-23T09:41:17+00:00] skip /var/www/ntechsmarthomes.com/wp-includes/js/tinymce/plugins/wpemoji/.htaccess because of file is whitelisted
[2024-08-23T09:41:17+00:00] skip /var/www/ntechsmarthomes.com/wp-includes/js/tinymce/plugins/wpgallery/.htaccess because of file is whitelisted
[2024-08-23T09:41:17+00:00] skip /var/www/ntechsmarthomes.com/wp-includes/js/tinymce/plugins/wplink/.htaccess because of file is whitelisted
[2024-08-23T09:41:17+00:00] skip /var/www/ntechsmarthomes.com/wp-includes/js/tinymce/plugins/wptextpattern/.htaccess because of file is whitelisted
[2024-08-23T09:41:17+00:00] skip /var/www/ntechsmarthomes.com/wp-includes/js/tinymce/plugins/wpview/.htaccess because of file is whitelisted
[2024-08-23T09:41:17+00:00] skip /var/www/ntechsmarthomes.com/wp-includes/js/tinymce/skins/.htaccess because of file is whitelisted
[2024-08-23T09:41:17+00:00] skip /var/www/ntechsmarthomes.com/wp-includes/js/tinymce/skins/lightgray/.htaccess because of file is whitelisted
[2024-08-23T09:41:17+00:00] skip /var/www/ntechsmarthomes.com/wp-includes/js/tinymce/skins/lightgray/fonts/.htaccess because of file is whitelisted
[2024-08-23T09:41:17+00:00] skip /var/www/ntechsmarthomes.com/wp-includes/js/tinymce/skins/lightgray/img/.htaccess because of file is whitelisted
[2024-08-23T09:41:17+00:00] skip /var/www/ntechsmarthomes.com/wp-includes/js/tinymce/skins/wordpress/.htaccess because of file is whitelisted
[2024-08-23T09:41:17+00:00] skip /var/www/ntechsmarthomes.com/wp-includes/js/tinymce/skins/wordpress/images/.htaccess because of file is whitelisted
[2024-08-23T09:41:17+00:00] skip /var/www/ntechsmarthomes.com/wp-includes/js/tinymce/themes/.htaccess because of file is whitelisted
[2024-08-23T09:41:17+00:00] skip /var/www/ntechsmarthomes.com/wp-includes/js/tinymce/themes/inlite/.htaccess because of file is whitelisted
[2024-08-23T09:41:17+00:00] skip /var/www/ntechsmarthomes.com/wp-includes/js/tinymce/themes/modern/.htaccess because of file is whitelisted
[2024-08-23T09:41:17+00:00] skip /var/www/ntechsmarthomes.com/wp-includes/js/tinymce/utils/.htaccess because of file is whitelisted
[2024-08-23T09:41:17+00:00] skip /var/www/ntechsmarthomes.com/wp-includes/l10n/.htaccess because of file is whitelisted
[2024-08-23T09:41:17+00:00] skip /var/www/ntechsmarthomes.com/wp-includes/php-compat/.htaccess because of file is whitelisted
[2024-08-23T09:41:17+00:00] skip /var/www/ntechsmarthomes.com/wp-includes/pomo/.htaccess because of file is whitelisted
[2024-08-23T09:41:17+00:00] skip /var/www/ntechsmarthomes.com/wp-includes/rest-api/.htaccess because of file is whitelisted
[2024-08-23T09:41:17+00:00] skip /var/www/ntechsmarthomes.com/wp-includes/rest-api/endpoints/.htaccess because of file is whitelisted
[2024-08-23T09:41:17+00:00] skip /var/www/ntechsmarthomes.com/wp-includes/rest-api/fields/.htaccess because of file is whitelisted
[2024-08-23T09:41:17+00:00] skip /var/www/ntechsmarthomes.com/wp-includes/rest-api/search/.htaccess because of file is whitelisted
[2024-08-23T09:41:17+00:00] skip /var/www/ntechsmarthomes.com/wp-includes/sitemaps/.htaccess because of file is whitelisted
[2024-08-23T09:41:17+00:00] skip /var/www/ntechsmarthomes.com/wp-includes/sitemaps/providers/.htaccess because of file is whitelisted
[2024-08-23T09:41:17+00:00] skip /var/www/ntechsmarthomes.com/wp-includes/sodium_compat/.htaccess because of file is whitelisted
[2024-08-23T09:41:17+00:00] skip /var/www/ntechsmarthomes.com/wp-includes/sodium_compat/lib/.htaccess because of file is whitelisted
[2024-08-23T09:41:17+00:00] skip /var/www/ntechsmarthomes.com/wp-includes/sodium_compat/namespaced/.htaccess because of file is whitelisted
[2024-08-23T09:41:17+00:00] skip /var/www/ntechsmarthomes.com/wp-includes/sodium_compat/namespaced/Core/.htaccess because of file is whitelisted
[2024-08-23T09:41:17+00:00] skip /var/www/ntechsmarthomes.com/wp-includes/sodium_compat/namespaced/Core/ChaCha20/.htaccess because of file is whitelisted
[2024-08-23T09:41:17+00:00] skip /var/www/ntechsmarthomes.com/wp-includes/sodium_compat/namespaced/Core/Curve25519/.htaccess because of file is whitelisted
[2024-08-23T09:41:17+00:00] skip /var/www/ntechsmarthomes.com/wp-includes/sodium_compat/namespaced/Core/Curve25519/Ge/.htaccess because of file is whitelisted
[2024-08-23T09:41:17+00:00] skip /var/www/ntechsmarthomes.com/wp-includes/sodium_compat/namespaced/Core/Poly1305/.htaccess because of file is whitelisted
[2024-08-23T09:41:17+00:00] skip /var/www/ntechsmarthomes.com/wp-includes/sodium_compat/src/.htaccess because of file is whitelisted
[2024-08-23T09:41:17+00:00] skip /var/www/ntechsmarthomes.com/wp-includes/sodium_compat/src/Core/.htaccess because of file is whitelisted
[2024-08-23T09:41:17+00:00] skip /var/www/ntechsmarthomes.com/wp-includes/sodium_compat/src/Core/Base64/.htaccess because of file is whitelisted
[2024-08-23T09:41:17+00:00] skip /var/www/ntechsmarthomes.com/wp-includes/sodium_compat/src/Core/ChaCha20/.htaccess because of file is whitelisted
[2024-08-23T09:41:17+00:00] skip /var/www/ntechsmarthomes.com/wp-includes/sodium_compat/src/Core/Curve25519/.htaccess because of file is whitelisted
[2024-08-23T09:41:17+00:00] skip /var/www/ntechsmarthomes.com/wp-includes/sodium_compat/src/Core/Curve25519/Ge/.htaccess because of file is whitelisted
[2024-08-23T09:41:17+00:00] skip /var/www/ntechsmarthomes.com/wp-includes/sodium_compat/src/Core/Poly1305/.htaccess because of file is whitelisted
[2024-08-23T09:41:17+00:00] skip /var/www/ntechsmarthomes.com/wp-includes/sodium_compat/src/Core/SecretStream/.htaccess because of file is whitelisted
[2024-08-23T09:41:17+00:00] skip /var/www/ntechsmarthomes.com/wp-includes/sodium_compat/src/Core32/.htaccess because of file is whitelisted
[2024-08-23T09:41:17+00:00] skip /var/www/ntechsmarthomes.com/wp-includes/sodium_compat/src/Core32/ChaCha20/.htaccess because of file is whitelisted
[2024-08-23T09:41:17+00:00] skip /var/www/ntechsmarthomes.com/wp-includes/sodium_compat/src/Core32/Curve25519/.htaccess because of file is whitelisted
[2024-08-23T09:41:17+00:00] skip /var/www/ntechsmarthomes.com/wp-includes/sodium_compat/src/Core32/Curve25519/Ge/.htaccess because of file is whitelisted
[2024-08-23T09:41:17+00:00] skip /var/www/ntechsmarthomes.com/wp-includes/sodium_compat/src/Core32/Poly1305/.htaccess because of file is whitelisted
[2024-08-23T09:41:17+00:00] skip /var/www/ntechsmarthomes.com/wp-includes/sodium_compat/src/Core32/SecretStream/.htaccess because of file is whitelisted
[2024-08-23T09:41:17+00:00] skip /var/www/ntechsmarthomes.com/wp-includes/sodium_compat/src/PHP52/.htaccess because of file is whitelisted
[2024-08-23T09:41:17+00:00] skip /var/www/ntechsmarthomes.com/wp-includes/style-engine/.htaccess because of file is whitelisted
[2024-08-23T09:41:17+00:00] skip /var/www/ntechsmarthomes.com/wp-includes/theme-compat/.htaccess because of file is whitelisted
[2024-08-23T09:41:17+00:00] skip /var/www/ntechsmarthomes.com/wp-includes/widgets/.htaccess because of file is whitelisted
[2024-08-23T09:41:18+00:00] skip /var/www/ntechsmarthomes.com/wp-includes/wp-ajax/.htaccess because of file is whitelisted
[2024-08-23T09:41:18+00:00] skip /var/www/ntechsmarthomes.com/wp-includes/wp-ajax/wp/.htaccess because of file is whitelisted
[2024-08-23T09:41:18+00:00] skip /var/www/ntechsmarthomes.com/.htaccess because of file is whitelisted
[2024-08-23T09:41:18+00:00] task core_integrity_check processed
[2024-08-23T09:41:18+00:00] All done!
[2024-08-23T09:41:18+00:00] process done, queue for next
[2024-08-23T09:42:48+00:00] /var/www/ntechsmarthomes.com/wp-admin/images/post-formats-as.png is deleted
[2024-08-23T09:44:16+00:00] /var/www/ntechsmarthomes.com/wp-includes/images/media/admin.png is deleted
